#
# A fatal error has been detected by the Java Runtime Environment:
#
#  SIGSEGV (0xb) at pc=0x0000000105d3e84c, pid=3014, tid=259
#
# JRE version: OpenJDK Runtime Environment (18.0.1.1+2) (build 18.0.1.1+2-6)
# Java VM: OpenJDK 64-Bit Server VM (18.0.1.1+2-6, mixed mode, sharing, tiered, compressed oops, compressed class ptrs, g1 gc, bsd-aarch64)
# Problematic frame:
# C  [libglass.dylib+0xa84c]  JNI_OnLoad+0xef8
#
# No core dump will be written. Core dumps have been disabled. To enable core dumping, try "ulimit -c unlimited" before starting Java again
#
# If you would like to submit a bug report, please visit:
#   https://bugreport.java.com/bugreport/crash.jsp
#

---------------  S U M M A R Y ------------

Command Line: -javaagent:/Applications/IntelliJ IDEA.app/Contents/lib/idea_rt.jar=50451:/Applications/IntelliJ IDEA.app/Contents/bin -Dfile.encoding=UTF-8 --module-path=/Users/sashakoushk-jalali/.m2/repository/org/openjfx/javafx-graphics/18/javafx-graphics-18-mac-aarch64.jar:/Users/sashakoushk-jalali/.m2/repository/org/openjfx/javafx-controls/18/javafx-controls-18-mac-aarch64.jar:/Users/sashakoushk-jalali/Library/Mobile Documents/com~apple~CloudDocs/Documents/BBK/CS MSc. Project /TIMERepo/TIME/target/classes:/Users/sashakoushk-jalali/.m2/repository/org/testng/testng/7.6.1/testng-7.6.1.jar:/Users/sashakoushk-jalali/.m2/repository/org/openjfx/javafx-fxml/18/javafx-fxml-18-mac-aarch64.jar:/Users/sashakoushk-jalali/.m2/repository/org/openjfx/javafx-base/18/javafx-base-18-mac-aarch64.jar -Djdk.module.main=time time/com.javafx.gui.TimeApplication

Host: "MacBookPro18,4" arm64, 10 cores, 64G, Darwin 21.3.0, macOS 12.2.1 (21D62)
Time: Mon Jul 11 18:06:22 2022 BST elapsed time: 11.726901 seconds (0d 0h 0m 11s)

---------------  T H R E A D  ---------------

Current thread is native thread

Stack: [0x000000016a91c000,0x000000016b118000],  sp=0x000000016b113340,  free space=8156k
Native frames: (J=compiled Java code, j=interpreted, Vv=VM code, C=native code)
C  [libglass.dylib+0xa84c]  JNI_OnLoad+0xef8
C  [CoreFoundation+0x79200]  __CFNOTIFICATIONCENTER_IS_CALLING_OUT_TO_AN_OBSERVER__+0x1c
C  [CoreFoundation+0x11cb84]  ___CFXRegistrationPost_block_invoke+0x34
C  [CoreFoundation+0x11caf0]  _CFXRegistrationPost+0x1c8
C  [CoreFoundation+0x47eb0]  _CFXNotificationPost+0x2d0
C  [Foundation+0x9e3c]  -[NSNotificationCenter postNotificationName:object:userInfo:]+0x60
C  [AppKit+0x2b7850]  -[NSApplication _doHideMaybeFakingIt:]+0x138
C  [AppKit+0x236e00]  _hideShowHandler+0xa4
C  [HIToolbox+0xb418]  _ZL23DispatchEventToHandlersP14EventTargetRecP14OpaqueEventRefP14HandlerCallRec+0x45c
C  [HIToolbox+0xa884]  _ZL30SendEventToEventTargetInternalP14OpaqueEventRefP20OpaqueEventTargetRefP14HandlerCallRec+0x164
C  [HIToolbox+0x209c4]  SendEventToEventTarget+0x28
C  [AppKit+0x422d8]  _DPSNextEvent+0x624
C  [AppKit+0x408a4]  -[NSApplication(NSEvent) _nextEventMatchingEventMask:untilDate:inMode:dequeue:]+0x534
C  [AppKit+0x329b4]  -[NSApplication run]+0x254
C  [libosxapp.dylib+0x4018]  +[NSApplicationAWT runAWTLoopWithApp:]+0xd0
C  [libawt_lwawt.dylib+0x6c328]  +[AWTStarter starter:headless:]+0x1e8
C  [libosxapp.dylib+0x5c90]  +[ThreadUtilities invokeBlockCopy:]+0x1c
C  [Foundation+0x84914]  __NSThreadPerformPerform+0xd4
C  [CoreFoundation+0x84c5c]  __CFRUNLOOP_IS_CALLING_OUT_TO_A_SOURCE0_PERFORM_FUNCTION__+0x1c
C  [CoreFoundation+0x84ba8]  __CFRunLoopDoSource0+0xd0
C  [CoreFoundation+0x84894]  __CFRunLoopDoSources0+0x10c
C  [CoreFoundation+0x83208]  __CFRunLoopRun+0x334
C  [CoreFoundation+0x82734]  CFRunLoopRunSpecific+0x258
C  [libjli.dylib+0x6e58]  CreateExecutionEnvironment+0x190
C  [libjli.dylib+0x322c]  JLI_Launch+0x4bc
C  [java+0x3ba8]  main+0x198
C  0x0000000104f4d0f4


siginfo: si_signo: 11 (SIGSEGV), si_code: 2 (SEGV_ACCERR), si_addr: 0x0000000000000000

Registers:
 x0=0x0000600003a5de00  x1=0x0000000129809000  x2=0x0000000000000000  x3=0x0000600003a5de30
 x4=0xffffffffffee60d8  x5=0x0000000000000011  x6=0x000000000000000a  x7=0x0000000000000000
 x8=0x0000000129809088  x9=0x00000000a1a1a1a1 x10=0x00006000135ef9ac x11=0x0000000000000003
x12=0x0000000000000000 x13=0x00006000021aea30 x14=0x000000001e800000 x15=0x00000001f8b878f0
x16=0x000000019f8dfab0 x17=0x00000001f98abf28 x18=0x00000001309fb940 x19=0x0000600003ad5740
x20=0x0000000000000000 x21=0x0000600003a5de00 x22=0x0000000105d764a8 x23=0x000000012a9176d8
x24=0x00006000010e1d40 x25=0x0000600003aa8f60 x26=0x0000000000000000 x27=0x0000001a00000013
x28=0x0000000000001400  fp=0x000000016b113790  lr=0x7131800105d3e848  sp=0x000000016b113340
pc=0x0000000105d3e84c cpsr=0x0000000080001000
Top of Stack: (sp=0x000000016b113340)
0x000000016b113340:   0000000105d67034 0000000105d66e57
0x000000016b113350:   0000000000000138 0000000105d3e7fc
0x000000016b113360:   000000019fb11200 000000019fbb4b84
0x000000016b113370:   000000019fbb4af0 000000019fadfeb0
0x000000016b113380:   00000001a0995e3c 00000001a28e6850
0x000000016b113390:   00000001a2865e00 00000001a868b418
0x000000016b1133a0:   00000001a868a884 00000001a86a09c4
0x000000016b1133b0:   00000001a26712d8 00000001a266f8a4
0x000000016b1133c0:   00000001a26619b4 000000016fa00018
0x000000016b1133d0:   00000002a38b8328 000000016fa01c90
0x000000016b1133e0:   00000001a0a10914 000000019fb1cc5c
0x000000016b1133f0:   000000019fb1cba8 000000019fb1c894
0x000000016b113400:   000000019fb1b208 000000019fb1a734
0x000000016b113410:   0000000104e22e58 0000000104e1f22c
0x000000016b113420:   0000000104cebba8 0000000104f4d0f4
0x000000016b113430:   0000000000000000 000000012a82e200
0x000000016b113440:   0000600000ff8750 000000012a00e300
0x000000016b113450:   000000016b113490 356a800106721af0
0x000000016b113460:   000000016b1135b8 000000019fa58530
0x000000016b113470:   000000012a82e200 0000000106b26ae8
0x000000016b113480:   000000016b113520 0000000000000001
0x000000016b113490:   000000016b1134d0 00000001063f8b04
0x000000016b1134a0:   000000016b1135b8 00000001380087c0
0x000000016b1134b0:   000000012bd242fb 0000000106b4a760
0x000000016b1134c0:   000000016b113518 00000000000000b6
0x000000016b1134d0:   000000016b113580 8d3d0001380172a0
0x000000016b1134e0:   000000016b113520 000000012bd24370
0x000000016b1134f0:   0000000000000000 000000012bda1d80
0x000000016b113500:   0000000000000000 000000016b113500
0x000000016b113510:   000000016b113580 000000043cbae228
0x000000016b113520:   0000000000000003 0000000000000000
0x000000016b113530:   000000016b113520 000000012bd242fb 

Instructions: (pc=0x0000000105d3e84c)
0x0000000105d3e74c:   f85c83a8 d503201f 5816cde9 f9400129
0x0000000105d3e75c:   eb08013f 540000e1 911083ff a9437bfd
0x0000000105d3e76c:   a9424ff4 a94157f6 a8c45ff8 d65f03c0
0x0000000105d3e77c:   940086ec a9bc5ff8 a90157f6 a9024ff4
0x0000000105d3e78c:   a9037bfd 9100c3fd d11083ff aa0003f3
0x0000000105d3e79c:   d503201f 5816cb88 f9400108 f81c83a8
0x0000000105d3e7ac:   101be7f6 d503201f f94002d4 b5000434
0x0000000105d3e7bc:   d503201f 5816cac8 f9400100 52802708
0x0000000105d3e7cc:   f9000be8 70143428 d503201f 101442e9
0x0000000105d3e7dc:   d503201f a90023e9 1013eec1 d503201f
0x0000000105d3e7ec:   940086eb 910063e0 52801001 940086d9
0x0000000105d3e7fc:   aa0003f5 910063e0 aa1503e1 940086d8
0x0000000105d3e80c:   aa0003f4 710006bf 540000eb 2a1503f5
0x0000000105d3e81c:   aa1403f7 f84086e0 940087b8 f10006b5
0x0000000105d3e82c:   54ffffa1 aa1403e0 940086dc f94002d4
0x0000000105d3e83c:   d503201f 581b71c0 94008753 aa0003f5
0x0000000105d3e84c:   f9400288 f940f516 f9400a73 d503201f
0x0000000105d3e85c:   581b72a0 d503201f 581b0d21 9400875c
0x0000000105d3e86c:   aa0003e2 aa1403e0 aa1303e1 d63f02c0
0x0000000105d3e87c:   d503201f 581aea41 aa1503e0 94008754
0x0000000105d3e88c:   f9400288 f9403d08 aa1403e0 d63f0100
0x0000000105d3e89c:   b40002a0 aa0003f3 f9400288 f9404508
0x0000000105d3e8ac:   aa1403e0 d63f0100 f9400288 f9423508
0x0000000105d3e8bc:   d503201f d503201f 581bdf61 d503201f
0x0000000105d3e8cc:   d503201f 581becc2 f90003f3 aa1403e0
0x0000000105d3e8dc:   d63f0100 f9400288 f9404508 aa1403e0
0x0000000105d3e8ec:   d63f0100 f85c83a8 d503201f 5816c0c9
0x0000000105d3e8fc:   f9400129 eb08013f 540000e1 911083ff
0x0000000105d3e90c:   a9437bfd a9424ff4 a94157f6 a8c45ff8
0x0000000105d3e91c:   d65f03c0 94008683 a9bc5ff8 a90157f6
0x0000000105d3e92c:   a9024ff4 a9037bfd 9100c3fd d11083ff
0x0000000105d3e93c:   aa0003f3 d503201f 5816be68 f9400108 



---------------  P R O C E S S  ---------------

VM state: not at safepoint (normal execution)

VM Mutex/Monitor currently owned by a thread: None

Heap address: 0x0000000400000000, size: 16384 MB, Compressed Oops mode: Zero based, Oop shift amount: 3

CDS archive(s) mapped at: [0x0000000800000000-0x0000000800ba8000-0x0000000800ba8000), size 12222464, SharedBaseAddress: 0x0000000800000000, ArchiveRelocationMode: 0.
Compressed class space mapped at: 0x0000000800c00000-0x0000000840c00000, reserved size: 1073741824
Narrow klass base: 0x0000000800000000, Narrow klass shift: 0, Narrow klass range: 0x100000000

GC Precious Log:
<Skipped>

Heap:
 garbage-first heap   total 1064960K, used 20914K [0x0000000400000000, 0x0000000800000000)
  region size 8192K, 2 young (16384K), 1 survivors (8192K)
 Metaspace       used 13136K, committed 13376K, reserved 1114112K
  class space    used 1726K, committed 1856K, reserved 1048576K

Heap Regions: E=young(eden), S=young(survivor), O=old, HS=humongous(starts), HC=humongous(continues), CS=collection set, F=free, OA=open archive, CA=closed archive, TAMS=top-at-mark-start (previous, next)
|   0|0x0000000400000000, 0x0000000400000000, 0x0000000400800000|  0%| F|  |TAMS 0x0000000400000000, 0x0000000400000000| Untracked 
|   1|0x0000000400800000, 0x0000000400800000, 0x0000000401000000|  0%| F|  |TAMS 0x0000000400800000, 0x0000000400800000| Untracked 
|   2|0x0000000401000000, 0x0000000401000000, 0x0000000401800000|  0%| F|  |TAMS 0x0000000401000000, 0x0000000401000000| Untracked 
|   3|0x0000000401800000, 0x0000000401800000, 0x0000000402000000|  0%| F|  |TAMS 0x0000000401800000, 0x0000000401800000| Untracked 
|   4|0x0000000402000000, 0x0000000402000000, 0x0000000402800000|  0%| F|  |TAMS 0x0000000402000000, 0x0000000402000000| Untracked 
|   5|0x0000000402800000, 0x0000000402800000, 0x0000000403000000|  0%| F|  |TAMS 0x0000000402800000, 0x0000000402800000| Untracked 
|   6|0x0000000403000000, 0x0000000403000000, 0x0000000403800000|  0%| F|  |TAMS 0x0000000403000000, 0x0000000403000000| Untracked 
|   7|0x0000000403800000, 0x0000000403800000, 0x0000000404000000|  0%| F|  |TAMS 0x0000000403800000, 0x0000000403800000| Untracked 
|   8|0x0000000404000000, 0x0000000404000000, 0x0000000404800000|  0%| F|  |TAMS 0x0000000404000000, 0x0000000404000000| Untracked 
|   9|0x0000000404800000, 0x0000000404800000, 0x0000000405000000|  0%| F|  |TAMS 0x0000000404800000, 0x0000000404800000| Untracked 
|  10|0x0000000405000000, 0x0000000405000000, 0x0000000405800000|  0%| F|  |TAMS 0x0000000405000000, 0x0000000405000000| Untracked 
|  11|0x0000000405800000, 0x0000000405800000, 0x0000000406000000|  0%| F|  |TAMS 0x0000000405800000, 0x0000000405800000| Untracked 
|  12|0x0000000406000000, 0x0000000406000000, 0x0000000406800000|  0%| F|  |TAMS 0x0000000406000000, 0x0000000406000000| Untracked 
|  13|0x0000000406800000, 0x0000000406800000, 0x0000000407000000|  0%| F|  |TAMS 0x0000000406800000, 0x0000000406800000| Untracked 
|  14|0x0000000407000000, 0x0000000407000000, 0x0000000407800000|  0%| F|  |TAMS 0x0000000407000000, 0x0000000407000000| Untracked 
|  15|0x0000000407800000, 0x0000000407800000, 0x0000000408000000|  0%| F|  |TAMS 0x0000000407800000, 0x0000000407800000| Untracked 
|  16|0x0000000408000000, 0x0000000408000000, 0x0000000408800000|  0%| F|  |TAMS 0x0000000408000000, 0x0000000408000000| Untracked 
|  17|0x0000000408800000, 0x0000000408800000, 0x0000000409000000|  0%| F|  |TAMS 0x0000000408800000, 0x0000000408800000| Untracked 
|  18|0x0000000409000000, 0x0000000409000000, 0x0000000409800000|  0%| F|  |TAMS 0x0000000409000000, 0x0000000409000000| Untracked 
|  19|0x0000000409800000, 0x0000000409800000, 0x000000040a000000|  0%| F|  |TAMS 0x0000000409800000, 0x0000000409800000| Untracked 
|  20|0x000000040a000000, 0x000000040a000000, 0x000000040a800000|  0%| F|  |TAMS 0x000000040a000000, 0x000000040a000000| Untracked 
|  21|0x000000040a800000, 0x000000040a800000, 0x000000040b000000|  0%| F|  |TAMS 0x000000040a800000, 0x000000040a800000| Untracked 
|  22|0x000000040b000000, 0x000000040b000000, 0x000000040b800000|  0%| F|  |TAMS 0x000000040b000000, 0x000000040b000000| Untracked 
|  23|0x000000040b800000, 0x000000040b800000, 0x000000040c000000|  0%| F|  |TAMS 0x000000040b800000, 0x000000040b800000| Untracked 
|  24|0x000000040c000000, 0x000000040c000000, 0x000000040c800000|  0%| F|  |TAMS 0x000000040c000000, 0x000000040c000000| Untracked 
|  25|0x000000040c800000, 0x000000040c800000, 0x000000040d000000|  0%| F|  |TAMS 0x000000040c800000, 0x000000040c800000| Untracked 
|  26|0x000000040d000000, 0x000000040d000000, 0x000000040d800000|  0%| F|  |TAMS 0x000000040d000000, 0x000000040d000000| Untracked 
|  27|0x000000040d800000, 0x000000040d800000, 0x000000040e000000|  0%| F|  |TAMS 0x000000040d800000, 0x000000040d800000| Untracked 
|  28|0x000000040e000000, 0x000000040e000000, 0x000000040e800000|  0%| F|  |TAMS 0x000000040e000000, 0x000000040e000000| Untracked 
|  29|0x000000040e800000, 0x000000040e800000, 0x000000040f000000|  0%| F|  |TAMS 0x000000040e800000, 0x000000040e800000| Untracked 
|  30|0x000000040f000000, 0x000000040f000000, 0x000000040f800000|  0%| F|  |TAMS 0x000000040f000000, 0x000000040f000000| Untracked 
|  31|0x000000040f800000, 0x000000040f800000, 0x0000000410000000|  0%| F|  |TAMS 0x000000040f800000, 0x000000040f800000| Untracked 
|  32|0x0000000410000000, 0x0000000410000000, 0x0000000410800000|  0%| F|  |TAMS 0x0000000410000000, 0x0000000410000000| Untracked 
|  33|0x0000000410800000, 0x0000000410800000, 0x0000000411000000|  0%| F|  |TAMS 0x0000000410800000, 0x0000000410800000| Untracked 
|  34|0x0000000411000000, 0x0000000411000000, 0x0000000411800000|  0%| F|  |TAMS 0x0000000411000000, 0x0000000411000000| Untracked 
|  35|0x0000000411800000, 0x0000000411800000, 0x0000000412000000|  0%| F|  |TAMS 0x0000000411800000, 0x0000000411800000| Untracked 
|  36|0x0000000412000000, 0x0000000412000000, 0x0000000412800000|  0%| F|  |TAMS 0x0000000412000000, 0x0000000412000000| Untracked 
|  37|0x0000000412800000, 0x0000000412800000, 0x0000000413000000|  0%| F|  |TAMS 0x0000000412800000, 0x0000000412800000| Untracked 
|  38|0x0000000413000000, 0x0000000413000000, 0x0000000413800000|  0%| F|  |TAMS 0x0000000413000000, 0x0000000413000000| Untracked 
|  39|0x0000000413800000, 0x0000000413800000, 0x0000000414000000|  0%| F|  |TAMS 0x0000000413800000, 0x0000000413800000| Untracked 
|  40|0x0000000414000000, 0x0000000414000000, 0x0000000414800000|  0%| F|  |TAMS 0x0000000414000000, 0x0000000414000000| Untracked 
|  41|0x0000000414800000, 0x0000000414800000, 0x0000000415000000|  0%| F|  |TAMS 0x0000000414800000, 0x0000000414800000| Untracked 
|  42|0x0000000415000000, 0x0000000415000000, 0x0000000415800000|  0%| F|  |TAMS 0x0000000415000000, 0x0000000415000000| Untracked 
|  43|0x0000000415800000, 0x0000000415800000, 0x0000000416000000|  0%| F|  |TAMS 0x0000000415800000, 0x0000000415800000| Untracked 
|  44|0x0000000416000000, 0x0000000416000000, 0x0000000416800000|  0%| F|  |TAMS 0x0000000416000000, 0x0000000416000000| Untracked 
|  45|0x0000000416800000, 0x0000000416800000, 0x0000000417000000|  0%| F|  |TAMS 0x0000000416800000, 0x0000000416800000| Untracked 
|  46|0x0000000417000000, 0x0000000417000000, 0x0000000417800000|  0%| F|  |TAMS 0x0000000417000000, 0x0000000417000000| Untracked 
|  47|0x0000000417800000, 0x0000000417800000, 0x0000000418000000|  0%| F|  |TAMS 0x0000000417800000, 0x0000000417800000| Untracked 
|  48|0x0000000418000000, 0x0000000418000000, 0x0000000418800000|  0%| F|  |TAMS 0x0000000418000000, 0x0000000418000000| Untracked 
|  49|0x0000000418800000, 0x0000000418800000, 0x0000000419000000|  0%| F|  |TAMS 0x0000000418800000, 0x0000000418800000| Untracked 
|  50|0x0000000419000000, 0x0000000419000000, 0x0000000419800000|  0%| F|  |TAMS 0x0000000419000000, 0x0000000419000000| Untracked 
|  51|0x0000000419800000, 0x0000000419800000, 0x000000041a000000|  0%| F|  |TAMS 0x0000000419800000, 0x0000000419800000| Untracked 
|  52|0x000000041a000000, 0x000000041a000000, 0x000000041a800000|  0%| F|  |TAMS 0x000000041a000000, 0x000000041a000000| Untracked 
|  53|0x000000041a800000, 0x000000041a800000, 0x000000041b000000|  0%| F|  |TAMS 0x000000041a800000, 0x000000041a800000| Untracked 
|  54|0x000000041b000000, 0x000000041b000000, 0x000000041b800000|  0%| F|  |TAMS 0x000000041b000000, 0x000000041b000000| Untracked 
|  55|0x000000041b800000, 0x000000041b800000, 0x000000041c000000|  0%| F|  |TAMS 0x000000041b800000, 0x000000041b800000| Untracked 
|  56|0x000000041c000000, 0x000000041c000000, 0x000000041c800000|  0%| F|  |TAMS 0x000000041c000000, 0x000000041c000000| Untracked 
|  57|0x000000041c800000, 0x000000041c800000, 0x000000041d000000|  0%| F|  |TAMS 0x000000041c800000, 0x000000041c800000| Untracked 
|  58|0x000000041d000000, 0x000000041d000000, 0x000000041d800000|  0%| F|  |TAMS 0x000000041d000000, 0x000000041d000000| Untracked 
|  59|0x000000041d800000, 0x000000041d800000, 0x000000041e000000|  0%| F|  |TAMS 0x000000041d800000, 0x000000041d800000| Untracked 
|  60|0x000000041e000000, 0x000000041e000000, 0x000000041e800000|  0%| F|  |TAMS 0x000000041e000000, 0x000000041e000000| Untracked 
|  61|0x000000041e800000, 0x000000041e800000, 0x000000041f000000|  0%| F|  |TAMS 0x000000041e800000, 0x000000041e800000| Untracked 
|  62|0x000000041f000000, 0x000000041f000000, 0x000000041f800000|  0%| F|  |TAMS 0x000000041f000000, 0x000000041f000000| Untracked 
|  63|0x000000041f800000, 0x000000041f800000, 0x0000000420000000|  0%| F|  |TAMS 0x000000041f800000, 0x000000041f800000| Untracked 
|  64|0x0000000420000000, 0x0000000420000000, 0x0000000420800000|  0%| F|  |TAMS 0x0000000420000000, 0x0000000420000000| Untracked 
|  65|0x0000000420800000, 0x0000000420800000, 0x0000000421000000|  0%| F|  |TAMS 0x0000000420800000, 0x0000000420800000| Untracked 
|  66|0x0000000421000000, 0x0000000421000000, 0x0000000421800000|  0%| F|  |TAMS 0x0000000421000000, 0x0000000421000000| Untracked 
|  67|0x0000000421800000, 0x0000000421800000, 0x0000000422000000|  0%| F|  |TAMS 0x0000000421800000, 0x0000000421800000| Untracked 
|  68|0x0000000422000000, 0x0000000422000000, 0x0000000422800000|  0%| F|  |TAMS 0x0000000422000000, 0x0000000422000000| Untracked 
|  69|0x0000000422800000, 0x0000000422800000, 0x0000000423000000|  0%| F|  |TAMS 0x0000000422800000, 0x0000000422800000| Untracked 
|  70|0x0000000423000000, 0x0000000423000000, 0x0000000423800000|  0%| F|  |TAMS 0x0000000423000000, 0x0000000423000000| Untracked 
|  71|0x0000000423800000, 0x0000000423800000, 0x0000000424000000|  0%| F|  |TAMS 0x0000000423800000, 0x0000000423800000| Untracked 
|  72|0x0000000424000000, 0x0000000424000000, 0x0000000424800000|  0%| F|  |TAMS 0x0000000424000000, 0x0000000424000000| Untracked 
|  73|0x0000000424800000, 0x0000000424800000, 0x0000000425000000|  0%| F|  |TAMS 0x0000000424800000, 0x0000000424800000| Untracked 
|  74|0x0000000425000000, 0x0000000425000000, 0x0000000425800000|  0%| F|  |TAMS 0x0000000425000000, 0x0000000425000000| Untracked 
|  75|0x0000000425800000, 0x0000000425800000, 0x0000000426000000|  0%| F|  |TAMS 0x0000000425800000, 0x0000000425800000| Untracked 
|  76|0x0000000426000000, 0x0000000426000000, 0x0000000426800000|  0%| F|  |TAMS 0x0000000426000000, 0x0000000426000000| Untracked 
|  77|0x0000000426800000, 0x0000000426800000, 0x0000000427000000|  0%| F|  |TAMS 0x0000000426800000, 0x0000000426800000| Untracked 
|  78|0x0000000427000000, 0x0000000427000000, 0x0000000427800000|  0%| F|  |TAMS 0x0000000427000000, 0x0000000427000000| Untracked 
|  79|0x0000000427800000, 0x0000000427800000, 0x0000000428000000|  0%| F|  |TAMS 0x0000000427800000, 0x0000000427800000| Untracked 
|  80|0x0000000428000000, 0x0000000428000000, 0x0000000428800000|  0%| F|  |TAMS 0x0000000428000000, 0x0000000428000000| Untracked 
|  81|0x0000000428800000, 0x0000000428800000, 0x0000000429000000|  0%| F|  |TAMS 0x0000000428800000, 0x0000000428800000| Untracked 
|  82|0x0000000429000000, 0x0000000429000000, 0x0000000429800000|  0%| F|  |TAMS 0x0000000429000000, 0x0000000429000000| Untracked 
|  83|0x0000000429800000, 0x0000000429800000, 0x000000042a000000|  0%| F|  |TAMS 0x0000000429800000, 0x0000000429800000| Untracked 
|  84|0x000000042a000000, 0x000000042a000000, 0x000000042a800000|  0%| F|  |TAMS 0x000000042a000000, 0x000000042a000000| Untracked 
|  85|0x000000042a800000, 0x000000042a800000, 0x000000042b000000|  0%| F|  |TAMS 0x000000042a800000, 0x000000042a800000| Untracked 
|  86|0x000000042b000000, 0x000000042b000000, 0x000000042b800000|  0%| F|  |TAMS 0x000000042b000000, 0x000000042b000000| Untracked 
|  87|0x000000042b800000, 0x000000042b800000, 0x000000042c000000|  0%| F|  |TAMS 0x000000042b800000, 0x000000042b800000| Untracked 
|  88|0x000000042c000000, 0x000000042c000000, 0x000000042c800000|  0%| F|  |TAMS 0x000000042c000000, 0x000000042c000000| Untracked 
|  89|0x000000042c800000, 0x000000042c800000, 0x000000042d000000|  0%| F|  |TAMS 0x000000042c800000, 0x000000042c800000| Untracked 
|  90|0x000000042d000000, 0x000000042d000000, 0x000000042d800000|  0%| F|  |TAMS 0x000000042d000000, 0x000000042d000000| Untracked 
|  91|0x000000042d800000, 0x000000042d800000, 0x000000042e000000|  0%| F|  |TAMS 0x000000042d800000, 0x000000042d800000| Untracked 
|  92|0x000000042e000000, 0x000000042e000000, 0x000000042e800000|  0%| F|  |TAMS 0x000000042e000000, 0x000000042e000000| Untracked 
|  93|0x000000042e800000, 0x000000042e800000, 0x000000042f000000|  0%| F|  |TAMS 0x000000042e800000, 0x000000042e800000| Untracked 
|  94|0x000000042f000000, 0x000000042f000000, 0x000000042f800000|  0%| F|  |TAMS 0x000000042f000000, 0x000000042f000000| Untracked 
|  95|0x000000042f800000, 0x000000042f800000, 0x0000000430000000|  0%| F|  |TAMS 0x000000042f800000, 0x000000042f800000| Untracked 
|  96|0x0000000430000000, 0x0000000430000000, 0x0000000430800000|  0%| F|  |TAMS 0x0000000430000000, 0x0000000430000000| Untracked 
|  97|0x0000000430800000, 0x0000000430800000, 0x0000000431000000|  0%| F|  |TAMS 0x0000000430800000, 0x0000000430800000| Untracked 
|  98|0x0000000431000000, 0x0000000431000000, 0x0000000431800000|  0%| F|  |TAMS 0x0000000431000000, 0x0000000431000000| Untracked 
|  99|0x0000000431800000, 0x0000000431800000, 0x0000000432000000|  0%| F|  |TAMS 0x0000000431800000, 0x0000000431800000| Untracked 
| 100|0x0000000432000000, 0x0000000432000000, 0x0000000432800000|  0%| F|  |TAMS 0x0000000432000000, 0x0000000432000000| Untracked 
| 101|0x0000000432800000, 0x0000000432800000, 0x0000000433000000|  0%| F|  |TAMS 0x0000000432800000, 0x0000000432800000| Untracked 
| 102|0x0000000433000000, 0x0000000433000000, 0x0000000433800000|  0%| F|  |TAMS 0x0000000433000000, 0x0000000433000000| Untracked 
| 103|0x0000000433800000, 0x0000000433800000, 0x0000000434000000|  0%| F|  |TAMS 0x0000000433800000, 0x0000000433800000| Untracked 
| 104|0x0000000434000000, 0x0000000434000000, 0x0000000434800000|  0%| F|  |TAMS 0x0000000434000000, 0x0000000434000000| Untracked 
| 105|0x0000000434800000, 0x0000000434800000, 0x0000000435000000|  0%| F|  |TAMS 0x0000000434800000, 0x0000000434800000| Untracked 
| 106|0x0000000435000000, 0x0000000435000000, 0x0000000435800000|  0%| F|  |TAMS 0x0000000435000000, 0x0000000435000000| Untracked 
| 107|0x0000000435800000, 0x0000000435800000, 0x0000000436000000|  0%| F|  |TAMS 0x0000000435800000, 0x0000000435800000| Untracked 
| 108|0x0000000436000000, 0x0000000436000000, 0x0000000436800000|  0%| F|  |TAMS 0x0000000436000000, 0x0000000436000000| Untracked 
| 109|0x0000000436800000, 0x0000000436800000, 0x0000000437000000|  0%| F|  |TAMS 0x0000000436800000, 0x0000000436800000| Untracked 
| 110|0x0000000437000000, 0x0000000437000000, 0x0000000437800000|  0%| F|  |TAMS 0x0000000437000000, 0x0000000437000000| Untracked 
| 111|0x0000000437800000, 0x0000000437800000, 0x0000000438000000|  0%| F|  |TAMS 0x0000000437800000, 0x0000000437800000| Untracked 
| 112|0x0000000438000000, 0x0000000438000000, 0x0000000438800000|  0%| F|  |TAMS 0x0000000438000000, 0x0000000438000000| Untracked 
| 113|0x0000000438800000, 0x0000000438800000, 0x0000000439000000|  0%| F|  |TAMS 0x0000000438800000, 0x0000000438800000| Untracked 
| 114|0x0000000439000000, 0x0000000439000000, 0x0000000439800000|  0%| F|  |TAMS 0x0000000439000000, 0x0000000439000000| Untracked 
| 115|0x0000000439800000, 0x0000000439800000, 0x000000043a000000|  0%| F|  |TAMS 0x0000000439800000, 0x0000000439800000| Untracked 
| 116|0x000000043a000000, 0x000000043a000000, 0x000000043a800000|  0%| F|  |TAMS 0x000000043a000000, 0x000000043a000000| Untracked 
| 117|0x000000043a800000, 0x000000043a800000, 0x000000043b000000|  0%| F|  |TAMS 0x000000043a800000, 0x000000043a800000| Untracked 
| 118|0x000000043b000000, 0x000000043b000000, 0x000000043b800000|  0%| F|  |TAMS 0x000000043b000000, 0x000000043b000000| Untracked 
| 119|0x000000043b800000, 0x000000043b800000, 0x000000043c000000|  0%| F|  |TAMS 0x000000043b800000, 0x000000043b800000| Untracked 
| 120|0x000000043c000000, 0x000000043c000000, 0x000000043c800000|  0%| F|  |TAMS 0x000000043c000000, 0x000000043c000000| Untracked 
| 121|0x000000043c800000, 0x000000043cef9f20, 0x000000043d000000| 87%| S|CS|TAMS 0x000000043c800000, 0x000000043c800000| Complete 
| 122|0x000000043d000000, 0x000000043d000000, 0x000000043d800000|  0%| F|  |TAMS 0x000000043d000000, 0x000000043d000000| Untracked 
| 123|0x000000043d800000, 0x000000043d800000, 0x000000043e000000|  0%| F|  |TAMS 0x000000043d800000, 0x000000043d800000| Untracked 
| 124|0x000000043e000000, 0x000000043e000000, 0x000000043e800000|  0%| F|  |TAMS 0x000000043e000000, 0x000000043e000000| Untracked 
| 125|0x000000043e800000, 0x000000043e800000, 0x000000043f000000|  0%| F|  |TAMS 0x000000043e800000, 0x000000043e800000| Untracked 
| 126|0x000000043f000000, 0x000000043f000000, 0x000000043f800000|  0%| F|  |TAMS 0x000000043f000000, 0x000000043f000000| Untracked 
| 127|0x000000043f800000, 0x000000043fd8ab98, 0x0000000440000000| 69%| E|  |TAMS 0x000000043f800000, 0x000000043f800000| Complete 
|2046|0x00000007ff000000, 0x00000007ff774000, 0x00000007ff800000| 93%|OA|  |TAMS 0x00000007ff000000, 0x00000007ff000000| Untracked 
|2047|0x00000007ff800000, 0x00000007ff874000, 0x0000000800000000|  5%|CA|  |TAMS 0x00000007ff800000, 0x00000007ff800000| Untracked 

Card table byte_map: [0x000000011a000000,0x000000011c000000] _byte_map_base: 0x0000000118000000

Marking Bits (Prev, Next): (CMBitMap*) 0x000000010f808210, (CMBitMap*) 0x000000010f808250
 Prev Bits: [0x0000000147000000, 0x0000000157000000)
 Next Bits: [0x0000000157000000, 0x0000000167000000)

Polling page: 0x0000000104e6c000

Metaspace:

Usage:
  Non-class:     11.14 MB used.
      Class:      1.69 MB used.
       Both:     12.83 MB used.

Virtual space:
  Non-class space:       64.00 MB reserved,      11.25 MB ( 18%) committed,  1 nodes.
      Class space:        1.00 GB reserved,       1.81 MB ( <1%) committed,  1 nodes.
             Both:        1.06 GB reserved,      13.06 MB (  1%) committed. 

Chunk freelists:
   Non-Class:  64.00 KB
       Class:  2.16 MB
        Both:  2.22 MB

MaxMetaspaceSize: unlimited
CompressedClassSpaceSize: 1.00 GB
Initial GC threshold: 21.00 MB
Current GC threshold: 21.00 MB
CDS: on
MetaspaceReclaimPolicy: balanced
 - commit_granule_bytes: 65536.
 - commit_granule_words: 8192.
 - virtual_space_node_default_size: 8388608.
 - enlarge_chunks_in_place: 1.
 - new_chunks_are_fully_committed: 0.
 - uncommit_free_chunks: 1.
 - use_allocation_guard: 0.


Internal statistics:

num_allocs_failed_limit: 0.
num_arena_births: 306.
num_arena_deaths: 0.
num_vsnodes_births: 2.
num_vsnodes_deaths: 0.
num_space_committed: 209.
num_space_uncommitted: 0.
num_chunks_returned_to_freelist: 0.
num_chunks_taken_from_freelist: 697.
num_chunk_merges: 0.
num_chunk_splits: 472.
num_chunks_enlarged: 343.
num_inconsistent_stats: 0.

CodeHeap 'non-profiled nmethods': size=120032Kb used=621Kb max_used=621Kb free=119410Kb
 bounds [0x000000013fac8000, 0x000000013fd38000, 0x0000000147000000]
CodeHeap 'profiled nmethods': size=120016Kb used=3207Kb max_used=3207Kb free=116808Kb
 bounds [0x0000000138594000, 0x00000001388c4000, 0x000000013fac8000]
CodeHeap 'non-nmethods': size=5712Kb used=1383Kb max_used=1415Kb free=4328Kb
 bounds [0x0000000138000000, 0x0000000138270000, 0x0000000138594000]
 total_blobs=2434 nmethods=1677 adapters=673
 compilation: enabled
              stopped_count=0, restarted_count=0
 full_count=0

Compilation events (20 events):
Event: 11.715 Thread 0x000000012b014400 1721       3       jdk.internal.org.objectweb.asm.MethodVisitor::visitCode (15 bytes)
Event: 11.715 Thread 0x000000012b014400 nmethod 1721 0x00000001388a9990 code [0x00000001388a9b40, 0x00000001388a9d98]
Event: 11.717 Thread 0x000000012b014400 1722       3       java.lang.System$2::findBootstrapClassOrNull (5 bytes)
Event: 11.717 Thread 0x000000012b014400 nmethod 1722 0x00000001388a9e90 code [0x00000001388aa080, 0x00000001388aa308]
Event: 11.717 Thread 0x000000012b014400 1723       3       java.lang.ClassLoader::findBootstrapClassOrNull (14 bytes)
Event: 11.717 Thread 0x000000012b014400 nmethod 1723 0x00000001388aa410 code [0x00000001388aa5c0, 0x00000001388aa7c8]
Event: 11.718 Thread 0x000000012b014400 1724       1       jdk.internal.jimage.ImageHeader::getTableLength (5 bytes)
Event: 11.718 Thread 0x000000012b014400 nmethod 1724 0x000000013fb63310 code [0x000000013fb63480, 0x000000013fb63568]
Event: 11.719 Thread 0x000000012b014400 1725   !   3       java.lang.invoke.InnerClassLambdaMetafactory::generateInnerClass (619 bytes)
Event: 11.721 Thread 0x000000012b014400 nmethod 1725 0x00000001388aa890 code [0x00000001388aaf40, 0x00000001388add18]
Event: 11.721 Thread 0x000000012b014400 1726       3       java.lang.invoke.InnerClassLambdaMetafactory::generateConstructor (154 bytes)
Event: 11.721 Thread 0x000000012b014400 nmethod 1726 0x00000001388aee90 code [0x00000001388af200, 0x00000001388b0398]
Event: 11.721 Thread 0x000000012b014400 1727       3       java.lang.invoke.InnerClassLambdaMetafactory$ForwardingMethodGenerator::convertArgumentTypes (96 bytes)
Event: 11.721 Thread 0x000000012b014400 nmethod 1727 0x00000001388b0990 code [0x00000001388b0c40, 0x00000001388b17e8]
Event: 11.722 Thread 0x000000012b014400 1728       3       java.lang.invoke.MethodHandles$Lookup::resolveOrFail (44 bytes)
Event: 11.722 Thread 0x000000012b014400 nmethod 1728 0x00000001388b1d90 code [0x00000001388b2100, 0x00000001388b2e58]
Event: 11.722 Thread 0x000000012b014400 1729       3       java.lang.invoke.MethodHandles$Lookup::getDirectMethodForConstant (72 bytes)
Event: 11.723 Thread 0x000000012b014400 nmethod 1729 0x00000001388b3390 code [0x00000001388b3800, 0x00000001388b4bd8]
Event: 11.723 Thread 0x000000012b014400 1730       3       java.lang.Module::isStaticallyExportedOrOpen (70 bytes)
Event: 11.723 Thread 0x000000012b014400 nmethod 1730 0x00000001388b5310 code [0x00000001388b5540, 0x00000001388b5ce8]

GC Heap History (2 events):
Event: 0.587 GC heap before
{Heap before GC invocations=0 (full 0):
 garbage-first heap   total 1064960K, used 57248K [0x0000000400000000, 0x0000000800000000)
  region size 8192K, 6 young (49152K), 0 survivors (0K)
 Metaspace       used 12200K, committed 12480K, reserved 1114112K
  class space    used 1640K, committed 1728K, reserved 1048576K
}
Event: 0.590 GC heap after
{Heap after GC invocations=1 (full 0):
 garbage-first heap   total 1064960K, used 15239K [0x0000000400000000, 0x0000000800000000)
  region size 8192K, 1 young (8192K), 1 survivors (8192K)
 Metaspace       used 12200K, committed 12480K, reserved 1114112K
  class space    used 1640K, committed 1728K, reserved 1048576K
}

Deoptimization events (20 events):
Event: 0.596 Thread 0x000000010f861200 Uncommon trap: trap_request=0xffffffc6 fr.pc=0x000000013fb11b08 relative=0x0000000000000288
Event: 0.596 Thread 0x000000010f861200 Uncommon trap: reason=bimorphic_or_optimized_type_check action=maybe_recompile pc=0x000000013fb11b08 method=java.util.concurrent.ConcurrentHashMap.get(Ljava/lang/Object;)Ljava/lang/Object; @ 149 c2
Event: 0.596 Thread 0x000000010f861200 DEOPT PACKING pc=0x000000013fb11b08 sp=0x000000016fc01370
Event: 0.596 Thread 0x000000010f861200 DEOPT UNPACKING pc=0x000000013803ed1c sp=0x000000016fc012e0 mode 2
Event: 0.596 Thread 0x000000010f861200 Uncommon trap: trap_request=0xffffffc6 fr.pc=0x000000013fb11b08 relative=0x0000000000000288
Event: 0.596 Thread 0x000000010f861200 Uncommon trap: reason=bimorphic_or_optimized_type_check action=maybe_recompile pc=0x000000013fb11b08 method=java.util.concurrent.ConcurrentHashMap.get(Ljava/lang/Object;)Ljava/lang/Object; @ 149 c2
Event: 0.596 Thread 0x000000010f861200 DEOPT PACKING pc=0x000000013fb11b08 sp=0x000000016fc01370
Event: 0.596 Thread 0x000000010f861200 DEOPT UNPACKING pc=0x000000013803ed1c sp=0x000000016fc012e0 mode 2
Event: 0.596 Thread 0x000000010f861200 Uncommon trap: trap_request=0xffffffc6 fr.pc=0x000000013fb11b08 relative=0x0000000000000288
Event: 0.596 Thread 0x000000010f861200 Uncommon trap: reason=bimorphic_or_optimized_type_check action=maybe_recompile pc=0x000000013fb11b08 method=java.util.concurrent.ConcurrentHashMap.get(Ljava/lang/Object;)Ljava/lang/Object; @ 149 c2
Event: 0.596 Thread 0x000000010f861200 DEOPT PACKING pc=0x000000013fb11b08 sp=0x000000016fc01370
Event: 0.596 Thread 0x000000010f861200 DEOPT UNPACKING pc=0x000000013803ed1c sp=0x000000016fc012e0 mode 2
Event: 1.142 Thread 0x000000012a8f9200 Uncommon trap: trap_request=0xffffff45 fr.pc=0x000000013fb37480 relative=0x0000000000000d80
Event: 1.142 Thread 0x000000012a8f9200 Uncommon trap: reason=unstable_if action=reinterpret pc=0x000000013fb37480 method=java.util.concurrent.ConcurrentHashMap.putVal(Ljava/lang/Object;Ljava/lang/Object;Z)Ljava/lang/Object; @ 148 c2
Event: 1.142 Thread 0x000000012a8f9200 DEOPT PACKING pc=0x000000013fb37480 sp=0x00000002a2b4d6f0
Event: 1.142 Thread 0x000000012a8f9200 DEOPT UNPACKING pc=0x000000013803ed1c sp=0x00000002a2b4d600 mode 2
Event: 1.144 Thread 0x000000012a8f9200 Uncommon trap: trap_request=0xffffff45 fr.pc=0x000000013fad3b38 relative=0x00000000000000f8
Event: 1.144 Thread 0x000000012a8f9200 Uncommon trap: reason=unstable_if action=reinterpret pc=0x000000013fad3b38 method=java.lang.StringLatin1.lastIndexOf([BI[BII)I @ 86 c2
Event: 1.144 Thread 0x000000012a8f9200 DEOPT PACKING pc=0x000000013fad3b38 sp=0x00000002a2b4d760
Event: 1.144 Thread 0x000000012a8f9200 DEOPT UNPACKING pc=0x000000013803ed1c sp=0x00000002a2b4d6c0 mode 2

Classes loaded (20 events):
Event: 11.721 Loading class sun/awt/AWTAccessor$InputEventAccessor done
Event: 11.721 Loading class java/awt/event/InputEvent$1 done
Event: 11.721 Loading class sun/lwawt/macosx/LWCToolkit$2
Event: 11.721 Loading class sun/lwawt/macosx/LWCToolkit$2 done
Event: 11.721 Loading class java/awt/Toolkit$DesktopPropertyChangeSupport
Event: 11.721 Loading class java/beans/PropertyChangeSupport
Event: 11.722 Loading class java/beans/PropertyChangeSupport done
Event: 11.722 Loading class java/awt/Toolkit$DesktopPropertyChangeSupport done
Event: 11.722 Loading class java/beans/PropertyChangeSupport$PropertyChangeListenerMap
Event: 11.722 Loading class java/beans/ChangeListenerMap
Event: 11.722 Loading class java/beans/ChangeListenerMap done
Event: 11.722 Loading class java/beans/PropertyChangeSupport$PropertyChangeListenerMap done
Event: 11.722 Loading class java/beans/PropertyChangeListener
Event: 11.722 Loading class java/beans/PropertyChangeListener done
Event: 11.722 Loading class sun/awt/SunToolkit$ModalityListenerList
Event: 11.722 Loading class sun/awt/ModalityListener
Event: 11.722 Loading class sun/awt/ModalityListener done
Event: 11.722 Loading class sun/awt/SunToolkit$ModalityListenerList done
Event: 11.722 Loading class sun/awt/util/ThreadGroupUtils
Event: 11.722 Loading class sun/awt/util/ThreadGroupUtils done

Classes unloaded (0 events):
No events

Classes redefined (0 events):
No events

Internal exceptions (20 events):
Event: 0.291 Thread 0x000000012a82e200 Exception <a 'java/lang/NoSuchMethodError'{0x000000043e3c28d0}: 'int java.lang.invoke.DirectMethodHandle$Holder.invokeSpecial(java.lang.Object, java.lang.Object, java.lang.Object)'> (0x000000043e3c28d0) 
thrown [open/src/hotspot/share/interpreter/linkResolver.cpp, line 766]
Event: 0.327 Thread 0x000000012a82e200 Exception <a 'java/lang/NoSuchMethodError'{0x000000043d9911f0}: 'void java.lang.invoke.DirectMethodHandle$Holder.invokeStaticInit(java.lang.Object, java.lang.Object)'> (0x000000043d9911f0) 
thrown [open/src/hotspot/share/interpreter/linkResolver.cpp, line 766]
Event: 0.332 Thread 0x000000012a82e200 Exception <a 'java/lang/NoSuchMethodError'{0x000000043da25868}: 'void java.lang.invoke.Invokers$Holder.invokeExact_MT(java.lang.Object, java.lang.Object, java.lang.Object, java.lang.Object)'> (0x000000043da25868) 
thrown [open/src/hotspot/share/interpreter/linkResolver.cpp, line 766]
Event: 0.336 Thread 0x000000012a82e200 Exception <a 'java/lang/NoSuchMethodError'{0x000000043da6b3d0}: 'void java.lang.invoke.DirectMethodHandle$Holder.invokeSpecial(java.lang.Object, java.lang.Object, double)'> (0x000000043da6b3d0) 
thrown [open/src/hotspot/share/interpreter/linkResolver.cpp, line 766]
Event: 0.336 Thread 0x000000012a82e200 Exception <a 'java/lang/NoSuchMethodError'{0x000000043da72828}: 'void java.lang.invoke.DelegatingMethodHandle$Holder.reinvoke_L(java.lang.Object, java.lang.Object, double)'> (0x000000043da72828) 
thrown [open/src/hotspot/share/interpreter/linkResolver.cpp, line 766]
Event: 0.343 Thread 0x000000012a82e200 Exception <a 'sun/nio/fs/UnixException'{0x000000043dbe4730}> (0x000000043dbe4730) 
thrown [open/src/hotspot/share/prims/jni.cpp, line 516]
Event: 0.353 Thread 0x000000012a82e200 Implicit null exception at 0x000000013fb26254 to 0x000000013fb26450
Event: 0.386 Thread 0x000000012a82e200 Implicit null exception at 0x000000013fb25954 to 0x000000013fb25b44
Event: 0.386 Thread 0x000000012a82e200 Implicit null exception at 0x000000013fae22d4 to 0x000000013fae2340
Event: 0.503 Thread 0x000000012a82e200 Exception <a 'java/lang/NoSuchMethodError'{0x000000043d20c7b8}: 'java.lang.Object java.lang.invoke.DirectMethodHandle$Holder.invokeInterface(java.lang.Object, java.lang.Object, java.lang.Object)'> (0x000000043d20c7b8) 
thrown [open/src/hotspot/share/interpreter/linkResolver.cpp, line 766]
Event: 0.503 Thread 0x000000012a82e200 Exception <a 'java/lang/IncompatibleClassChangeError'{0x000000043d210138}: Found class java.lang.Object, but interface was expected> (0x000000043d210138) 
thrown [open/src/hotspot/share/interpreter/linkResolver.cpp, line 833]
Event: 0.515 Thread 0x000000012a82e200 Exception <a 'java/lang/NoSuchMethodError'{0x000000043d324b40}: 'int java.lang.invoke.DirectMethodHandle$Holder.invokeSpecial(java.lang.Object, java.lang.Object, int)'> (0x000000043d324b40) 
thrown [open/src/hotspot/share/interpreter/linkResolver.cpp, line 766]
Event: 0.515 Thread 0x000000012a82e200 Exception <a 'java/lang/NoSuchMethodError'{0x000000043d32bfc0}: 'int java.lang.invoke.DirectMethodHandle$Holder.invokeSpecial(java.lang.Object, java.lang.Object, java.lang.Object, int)'> (0x000000043d32bfc0) 
thrown [open/src/hotspot/share/interpreter/linkResolver.cpp, line 766]
Event: 0.525 Thread 0x000000012a82e200 Exception <a 'java/lang/NoSuchMethodError'{0x000000043d40c1a8}: 'java.lang.Object java.lang.invoke.DirectMethodHandle$Holder.newInvokeSpecial(java.lang.Object, java.lang.Object, int)'> (0x000000043d40c1a8) 
thrown [open/src/hotspot/share/interpreter/linkResolver.cpp, line 766]
Event: 0.567 Thread 0x000000010f861200 Exception <a 'java/lang/NoSuchMethodError'{0x000000043e96d0c8}: 'int java.lang.invoke.DirectMethodHandle$Holder.invokeStaticInit(java.lang.Object, java.lang.Object)'> (0x000000043e96d0c8) 
thrown [open/src/hotspot/share/interpreter/linkResolver.cpp, line 766]
Event: 1.148 Thread 0x000000012a8f9200 Exception <a 'sun/nio/fs/UnixException'{0x000000043fa69a78}> (0x000000043fa69a78) 
thrown [open/src/hotspot/share/prims/jni.cpp, line 516]
Event: 11.707 Thread 0x000000012a808800 Exception <a 'java/lang/ClassNotFoundException'{0x000000043fd1d260}: sun/awt/resources/spi/awtProvider> (0x000000043fd1d260) 
thrown [open/src/hotspot/share/classfile/systemDictionary.cpp, line 255]
Event: 11.714 Thread 0x000000012a808800 Exception <a 'java/io/FileNotFoundException'{0x000000043fd20ab0}> (0x000000043fd20ab0) 
thrown [open/src/hotspot/share/prims/jni.cpp, line 516]
Event: 11.714 Thread 0x000000012a808800 Exception <a 'java/io/FileNotFoundException'{0x000000043fd21fc8}> (0x000000043fd21fc8) 
thrown [open/src/hotspot/share/prims/jni.cpp, line 516]
Event: 11.717 Thread 0x000000012a808800 Exception <a 'java/lang/ClassNotFoundException'{0x000000043fd25dc8}: sun/awt/resources/spi/awtosxProvider> (0x000000043fd25dc8) 
thrown [open/src/hotspot/share/classfile/systemDictionary.cpp, line 255]

VM Operations (20 events):
Event: 0.289 Executing VM operation: HandshakeAllThreads
Event: 0.289 Executing VM operation: HandshakeAllThreads done
Event: 0.291 Executing VM operation: HandshakeAllThreads
Event: 0.291 Executing VM operation: HandshakeAllThreads done
Event: 0.306 Executing VM operation: HandshakeAllThreads
Event: 0.306 Executing VM operation: HandshakeAllThreads done
Event: 0.321 Executing VM operation: ICBufferFull
Event: 0.321 Executing VM operation: ICBufferFull done
Event: 0.496 Executing VM operation: HandshakeAllThreads
Event: 0.496 Executing VM operation: HandshakeAllThreads done
Event: 0.587 Executing VM operation: G1CollectForAllocation
Event: 0.590 Executing VM operation: G1CollectForAllocation done
Event: 2.028 Executing VM operation: Cleanup
Event: 2.029 Executing VM operation: Cleanup done
Event: 6.036 Executing VM operation: Cleanup
Event: 6.036 Executing VM operation: Cleanup done
Event: 7.038 Executing VM operation: Cleanup
Event: 7.038 Executing VM operation: Cleanup done
Event: 11.051 Executing VM operation: Cleanup
Event: 11.051 Executing VM operation: Cleanup done

Events (20 events):
Event: 2.456 Thread 0x0000000129864400 Thread added: 0x0000000129864400
Event: 2.715 Protecting memory [0x00000002a2b58000,0x00000002a2b64000] with protection modes 3
Event: 2.715 Thread 0x0000000129864400 Thread exited: 0x0000000129864400
Event: 5.565 Protecting memory [0x00000002a2b58000,0x00000002a2b64000] with protection modes 0
Event: 5.565 Thread 0x000000012a8c7000 Thread added: 0x000000012a8c7000
Event: 6.065 Protecting memory [0x00000002a2b58000,0x00000002a2b64000] with protection modes 3
Event: 6.065 Thread 0x000000012a8c7000 Thread exited: 0x000000012a8c7000
Event: 6.131 Protecting memory [0x00000002a2b58000,0x00000002a2b64000] with protection modes 0
Event: 6.131 Thread 0x000000029b809e00 Thread added: 0x000000029b809e00
Event: 6.398 Protecting memory [0x00000002a2b58000,0x00000002a2b64000] with protection modes 3
Event: 6.398 Thread 0x000000029b809e00 Thread exited: 0x000000029b809e00
Event: 11.704 Protecting memory [0x000000016fa00000,0x000000016fa0c000] with protection modes 3
Event: 11.704 Protecting memory [0x000000029a804000,0x000000029a810000] with protection modes 3
Event: 11.704 Thread 0x000000010f861200 Thread exited: 0x000000010f861200
Event: 11.704 Thread 0x000000010f077200 Thread exited: 0x000000010f077200
Event: 11.704 Protecting memory [0x000000016a91c000,0x000000016a928000] with protection modes 3
Event: 11.704 Thread 0x000000012a82e200 Thread exited: 0x000000012a82e200
Event: 11.710 Loaded shared library /Users/sashakoushk-jalali/Library/Java/JavaVirtualMachines/openjdk-18.0.1.1/Contents/Home/lib/libawt.dylib
Event: 11.713 Loaded shared library /Users/sashakoushk-jalali/Library/Java/JavaVirtualMachines/openjdk-18.0.1.1/Contents/Home/lib/libawt_lwawt.dylib
Event: 11.719 Loaded shared library /Users/sashakoushk-jalali/Library/Java/JavaVirtualMachines/openjdk-18.0.1.1/Contents/Home/lib/libfontmanager.dylib


Dynamic libraries:
0x0000000104e1c000 	/Users/sashakoushk-jalali/Library/Java/JavaVirtualMachines/openjdk-18.0.1.1/Contents/Home/lib/libjli.dylib
0x00000001aa401000 	/usr/lib/libz.1.dylib
0x00000001aa4b1000 	/usr/lib/libSystem.B.dylib
0x00000001aa4ab000 	/usr/lib/system/libcache.dylib
0x00000001aa469000 	/usr/lib/system/libcommonCrypto.dylib
0x00000001aa492000 	/usr/lib/system/libcompiler_rt.dylib
0x00000001aa489000 	/usr/lib/system/libcopyfile.dylib
0x000000019f7ea000 	/usr/lib/system/libcorecrypto.dylib
0x000000019f88f000 	/usr/lib/system/libdispatch.dylib
0x000000019fa57000 	/usr/lib/system/libdyld.dylib
0x00000001aa4a1000 	/usr/lib/system/libkeymgr.dylib
0x00000001aa44b000 	/usr/lib/system/libmacho.dylib
0x00000001a9b4b000 	/usr/lib/system/libquarantine.dylib
0x00000001aa49e000 	/usr/lib/system/libremovefile.dylib
0x00000001a4be9000 	/usr/lib/system/libsystem_asl.dylib
0x000000019f794000 	/usr/lib/system/libsystem_blocks.dylib
0x000000019f915000 	/usr/lib/system/libsystem_c.dylib
0x00000001aa496000 	/usr/lib/system/libsystem_collections.dylib
0x00000001a900a000 	/usr/lib/system/libsystem_configuration.dylib
0x00000001a828e000 	/usr/lib/system/libsystem_containermanager.dylib
0x00000001aa1b2000 	/usr/lib/system/libsystem_coreservices.dylib
0x00000001a217b000 	/usr/lib/system/libsystem_darwin.dylib
0x00000001aa4a2000 	/usr/lib/system/libsystem_dnssd.dylib
0x000000019f912000 	/usr/lib/system/libsystem_featureflags.dylib
0x000000019fa6c000 	/usr/lib/system/libsystem_info.dylib
0x00000001aa413000 	/usr/lib/system/libsystem_m.dylib
0x000000019f864000 	/usr/lib/system/libsystem_malloc.dylib
0x00000001a4b7a000 	/usr/lib/system/libsystem_networkextension.dylib
0x00000001a25cf000 	/usr/lib/system/libsystem_notify.dylib
0x00000001b06b5000 	/usr/lib/system/libsystem_product_info_filter.dylib
0x00000001a900f000 	/usr/lib/system/libsystem_sandbox.dylib
0x00000001aa49b000 	/usr/lib/system/libsystem_secinit.dylib
0x000000019fa14000 	/usr/lib/system/libsystem_kernel.dylib
0x000000019fa64000 	/usr/lib/system/libsystem_platform.dylib
0x000000019fa4a000 	/usr/lib/system/libsystem_pthread.dylib
0x00000001a6326000 	/usr/lib/system/libsystem_symptoms.dylib
0x000000019f7d0000 	/usr/lib/system/libsystem_trace.dylib
0x00000001aa476000 	/usr/lib/system/libunwind.dylib
0x000000019f796000 	/usr/lib/system/libxpc.dylib
0x000000019f9fa000 	/usr/lib/libc++abi.dylib
0x000000019f8d6000 	/usr/lib/libobjc.A.dylib
0x00000001aa481000 	/usr/lib/liboah.dylib
0x000000019f996000 	/usr/lib/libc++.1.dylib
0x00000001b60b6000 	/System/Library/Frameworks/Cocoa.framework/Versions/A/Cocoa
0x00000001a262f000 	/System/Library/Frameworks/AppKit.framework/Versions/C/AppKit
0x00000001a5b65000 	/System/Library/Frameworks/CoreData.framework/Versions/A/CoreData
0x00000001a098c000 	/System/Library/Frameworks/Foundation.framework/Versions/C/Foundation
0x00000001a34e6000 	/System/Library/PrivateFrameworks/UIFoundation.framework/Versions/A/UIFoundation
0x00000001b03af000 	/System/Library/PrivateFrameworks/RemoteViewServices.framework/Versions/A/RemoteViewServices
0x00000001a89c8000 	/System/Library/PrivateFrameworks/XCTTargetBootstrap.framework/Versions/A/XCTTargetBootstrap
0x00000001ac1b2000 	/System/Library/PrivateFrameworks/InternationalSupport.framework/Versions/A/InternationalSupport
0x00000001ac23b000 	/System/Library/PrivateFrameworks/UserActivity.framework/Versions/A/UserActivity
0x00000001ab6e0000 	/usr/lib/libspindump.dylib
0x00000001a3756000 	/System/Library/Frameworks/UniformTypeIdentifiers.framework/Versions/A/UniformTypeIdentifiers
0x00000001a6f55000 	/usr/lib/libapp_launch_measurement.dylib
0x00000001a64cd000 	/System/Library/PrivateFrameworks/CoreAnalytics.framework/Versions/A/CoreAnalytics
0x00000001a6f58000 	/System/Library/PrivateFrameworks/CoreAutoLayout.framework/Versions/A/CoreAutoLayout
0x00000001a82cb000 	/System/Library/Frameworks/Metal.framework/Versions/A/Metal
0x00000001a901a000 	/usr/lib/liblangid.dylib
0x00000001a89cc000 	/System/Library/PrivateFrameworks/CoreSVG.framework/Versions/A/CoreSVG
0x00000001a4c1d000 	/System/Library/PrivateFrameworks/SkyLight.framework/Versions/A/SkyLight
0x00000001a4fea000 	/System/Library/Frameworks/CoreGraphics.framework/Versions/A/CoreGraphics
0x00000001b0a2d000 	/System/Library/Frameworks/Accelerate.framework/Versions/A/Accelerate
0x00000001ab154000 	/System/Library/PrivateFrameworks/IconServices.framework/Versions/A/IconServices
0x00000001a82ad000 	/System/Library/Frameworks/IOSurface.framework/Versions/A/IOSurface
0x00000001a64fd000 	/usr/lib/libDiagnosticMessagesClient.dylib
0x00000001b3e76000 	/System/Library/Frameworks/ApplicationServices.framework/Versions/A/ApplicationServices
0x00000001a89b0000 	/System/Library/PrivateFrameworks/DFRFoundation.framework/Versions/A/DFRFoundation
0x00000001a1ed0000 	/usr/lib/libicucore.A.dylib
0x00000001acfb3000 	/System/Library/Frameworks/AudioToolbox.framework/Versions/A/AudioToolbox
0x00000001ac1be000 	/System/Library/PrivateFrameworks/DataDetectorsCore.framework/Versions/A/DataDetectorsCore
0x00000001c230c000 	/System/Library/PrivateFrameworks/TextInput.framework/Versions/A/TextInput
0x00000001a4b94000 	/usr/lib/libMobileGestalt.dylib
0x00000001a8680000 	/System/Library/Frameworks/Carbon.framework/Versions/A/Frameworks/HIToolbox.framework/Versions/A/HIToolbox
0x00000001a695e000 	/System/Library/Frameworks/QuartzCore.framework/Versions/A/QuartzCore
0x00000001a1b4d000 	/System/Library/Frameworks/Security.framework/Versions/A/Security
0x00000001b03ef000 	/System/Library/Frameworks/Carbon.framework/Versions/A/Frameworks/SpeechRecognition.framework/Versions/A/SpeechRecognition
0x00000001a6cac000 	/System/Library/PrivateFrameworks/CoreUI.framework/Versions/A/CoreUI
0x00000001a141e000 	/System/Library/Frameworks/CoreAudio.framework/Versions/A/CoreAudio
0x00000001a65f1000 	/System/Library/Frameworks/DiskArbitration.framework/Versions/A/DiskArbitration
0x00000001abac5000 	/System/Library/PrivateFrameworks/MultitouchSupport.framework/Versions/A/MultitouchSupport
0x00000001a4b92000 	/usr/lib/libenergytrace.dylib
0x00000001a24f9000 	/System/Library/Frameworks/IOKit.framework/Versions/A/IOKit
0x00000001b07d8000 	/System/Library/Frameworks/CoreServices.framework/Versions/A/CoreServices
0x00000001a6ee5000 	/System/Library/PrivateFrameworks/PerformanceAnalysis.framework/Versions/A/PerformanceAnalysis
0x0000000200eb9000 	/System/Library/Frameworks/OpenGL.framework/Versions/A/OpenGL
0x00000001a9a6b000 	/System/Library/PrivateFrameworks/MobileKeyBag.framework/Versions/A/MobileKeyBag
0x00000001a55fa000 	/System/Library/Frameworks/ColorSync.framework/Versions/A/ColorSync
0x000000019fa98000 	/System/Library/Frameworks/CoreFoundation.framework/Versions/A/CoreFoundation
0x00000001a8c4d000 	/System/Library/Frameworks/CoreImage.framework/Versions/A/CoreImage
0x00000001a1241000 	/System/Library/Frameworks/CoreText.framework/Versions/A/CoreText
0x00000001a89fc000 	/System/Library/Frameworks/ImageIO.framework/Versions/A/ImageIO
0x00000001aa4b7000 	/System/Library/PrivateFrameworks/SoftLinking.framework/Versions/A/SoftLinking
0x00000001a6fa2000 	/usr/lib/libxml2.2.dylib
0x00000001aa750000 	/usr/lib/libcompression.dylib
0x00000001ac10b000 	/System/Library/PrivateFrameworks/TextureIO.framework/Versions/A/TextureIO
0x00000001aae6e000 	/usr/lib/libate.dylib
0x00000001aad36000 	/usr/lib/liblzma.5.dylib
0x00000001a0680000 	/System/Library/Frameworks/SystemConfiguration.framework/Versions/A/SystemConfiguration
0x00000001aa4b3000 	/usr/lib/libfakelink.dylib
0x00000001a46c1000 	/System/Library/Frameworks/CFNetwork.framework/Versions/A/CFNetwork
0x00000001aa5fa000 	/usr/lib/libarchive.2.dylib
0x00000001a9016000 	/System/Library/PrivateFrameworks/AppleSystemInfo.framework/Versions/A/AppleSystemInfo
0x00000001a9b76000 	/usr/lib/libbsm.0.dylib
0x00000001a3bf9000 	/usr/lib/libnetwork.dylib
0x00000001aa451000 	/usr/lib/system/libkxld.dylib
0x00000001a978d000 	/System/Library/PrivateFrameworks/IOMobileFramebuffer.framework/Versions/A/IOMobileFramebuffer
0x000000021ccea000 	/usr/lib/libCoreEntitlements.dylib
0x00000001aa194000 	/System/Library/PrivateFrameworks/AppleFSCompression.framework/Versions/A/AppleFSCompression
0x00000001a9b5e000 	/usr/lib/libcoretls.dylib
0x00000001aad4f000 	/usr/lib/libcoretls_cfhelpers.dylib
0x00000001aa74b000 	/usr/lib/libpam.2.dylib
0x00000001a5f4e000 	/usr/lib/libsqlite3.dylib
0x00000001aadb7000 	/usr/lib/libxar.1.dylib
0x00000001aa1a5000 	/usr/lib/libbz2.1.0.dylib
0x00000001aa4b8000 	/usr/lib/libpcap.A.dylib
0x00000001a631d000 	/usr/lib/libdns_services.dylib
0x00000001aa71e000 	/usr/lib/libapple_nghttp2.dylib
0x00000001aa4f5000 	/usr/lib/libiconv.2.dylib
0x00000001aa44a000 	/usr/lib/libcharset.1.dylib
0x00000001a6f21000 	/System/Library/Frameworks/CoreServices.framework/Versions/A/Frameworks/FSEvents.framework/Versions/A/FSEvents
0x00000001a2186000 	/System/Library/Frameworks/CoreServices.framework/Versions/A/Frameworks/CarbonCore.framework/Versions/A/CarbonCore
0x00000001a6554000 	/System/Library/Frameworks/CoreServices.framework/Versions/A/Frameworks/Metadata.framework/Versions/A/Metadata
0x00000001aa1b8000 	/System/Library/Frameworks/CoreServices.framework/Versions/A/Frameworks/OSServices.framework/Versions/A/OSServices
0x00000001aa680000 	/System/Library/Frameworks/CoreServices.framework/Versions/A/Frameworks/SearchKit.framework/Versions/A/SearchKit
0x00000001a62ab000 	/System/Library/Frameworks/CoreServices.framework/Versions/A/Frameworks/AE.framework/Versions/A/AE
0x000000019ffdc000 	/System/Library/Frameworks/CoreServices.framework/Versions/A/Frameworks/LaunchServices.framework/Versions/A/LaunchServices
0x00000001aacdf000 	/System/Library/Frameworks/CoreServices.framework/Versions/A/Frameworks/DictionaryServices.framework/Versions/A/DictionaryServices
0x00000001a6f2e000 	/System/Library/Frameworks/CoreServices.framework/Versions/A/Frameworks/SharedFileList.framework/Versions/A/SharedFileList
0x00000001a9b4e000 	/usr/lib/libCheckFix.dylib
0x00000001a4c01000 	/System/Library/PrivateFrameworks/TCC.framework/Versions/A/TCC
0x00000001a901c000 	/System/Library/PrivateFrameworks/CoreNLP.framework/Versions/A/CoreNLP
0x00000001a6500000 	/System/Library/PrivateFrameworks/MetadataUtilities.framework/Versions/A/MetadataUtilities
0x00000001a0739000 	/usr/lib/libmecabra.dylib
0x00000001a9b87000 	/usr/lib/libmecab.dylib
0x00000001a0705000 	/usr/lib/libCRFSuite.dylib
0x00000001a9be5000 	/usr/lib/libgermantok.dylib
0x00000001aa6f7000 	/usr/lib/libThaiTokenizer.dylib
0x00000001a65f9000 	/System/Library/Frameworks/Accelerate.framework/Versions/A/Frameworks/vImage.framework/Versions/A/vImage
0x00000001b07af000 	/System/Library/Frameworks/Accelerate.framework/Versions/A/Frameworks/vecLib.framework/Versions/A/vecLib
0x00000001aadfb000 	/System/Library/Frameworks/Accelerate.framework/Versions/A/Frameworks/vecLib.framework/Versions/A/libvMisc.dylib
0x00000001a9697000 	/System/Library/Frameworks/Accelerate.framework/Versions/A/Frameworks/vecLib.framework/Versions/A/libvDSP.dylib
0x00000001a035f000 	/System/Library/Frameworks/Accelerate.framework/Versions/A/Frameworks/vecLib.framework/Versions/A/libBLAS.dylib
0x00000001aa81f000 	/System/Library/Frameworks/Accelerate.framework/Versions/A/Frameworks/vecLib.framework/Versions/A/libLAPACK.dylib
0x00000001a9be8000 	/System/Library/Frameworks/Accelerate.framework/Versions/A/Frameworks/vecLib.framework/Versions/A/libLinearAlgebra.dylib
0x00000001aa736000 	/System/Library/Frameworks/Accelerate.framework/Versions/A/Frameworks/vecLib.framework/Versions/A/libSparseBLAS.dylib
0x00000001aa81a000 	/System/Library/Frameworks/Accelerate.framework/Versions/A/Frameworks/vecLib.framework/Versions/A/libQuadrature.dylib
0x00000001a9113000 	/System/Library/Frameworks/Accelerate.framework/Versions/A/Frameworks/vecLib.framework/Versions/A/libBNNS.dylib
0x00000001a061d000 	/System/Library/Frameworks/Accelerate.framework/Versions/A/Frameworks/vecLib.framework/Versions/A/libSparse.dylib
0x00000001a910b000 	/System/Library/PrivateFrameworks/LinguisticData.framework/Versions/A/LinguisticData
0x00000001a05d3000 	/System/Library/PrivateFrameworks/Lexicon.framework/Versions/A/Lexicon
0x00000001aadf3000 	/usr/lib/libChineseTokenizer.dylib
0x00000001a0d7a000 	/System/Library/PrivateFrameworks/LanguageModeling.framework/Versions/A/LanguageModeling
0x00000001aa6f9000 	/System/Library/PrivateFrameworks/AppleSauce.framework/Versions/A/AppleSauce
0x00000001a977a000 	/System/Library/PrivateFrameworks/CoreEmoji.framework/Versions/A/CoreEmoji
0x00000001aa5e8000 	/usr/lib/libcmph.dylib
0x00000001a6f01000 	/System/Library/Frameworks/OpenDirectory.framework/Versions/A/Frameworks/CFOpenDirectory.framework/Versions/A/CFOpenDirectory
0x00000001a6ef1000 	/System/Library/Frameworks/OpenDirectory.framework/Versions/A/OpenDirectory
0x00000001aad51000 	/System/Library/PrivateFrameworks/APFS.framework/Versions/A/APFS
0x00000001a9aa6000 	/System/Library/Frameworks/SecurityFoundation.framework/Versions/A/SecurityFoundation
0x00000001aadc5000 	/usr/lib/libutil.dylib
0x00000001a24bb000 	/System/Library/PrivateFrameworks/CoreServicesStore.framework/Versions/A/CoreServicesStore
0x00000001aadc9000 	/usr/lib/libxslt.1.dylib
0x00000001a9b3a000 	/System/Library/PrivateFrameworks/BackgroundTaskManagement.framework/Versions/A/BackgroundTaskManagement
0x00000001ac02c000 	/System/Library/Frameworks/ImageIO.framework/Versions/A/Resources/libRadiance.dylib
0x00000001ac035000 	/System/Library/Frameworks/ImageIO.framework/Versions/A/Resources/libJPEG.dylib
0x00000001abf87000 	/System/Library/Frameworks/ImageIO.framework/Versions/A/Resources/libPng.dylib
0x00000001abfa9000 	/System/Library/Frameworks/ImageIO.framework/Versions/A/Resources/libTIFF.dylib
0x00000001ac090000 	/System/Library/Frameworks/ImageIO.framework/Versions/A/Resources/libGIF.dylib
0x00000001ab9d5000 	/System/Library/Frameworks/ImageIO.framework/Versions/A/Resources/libJP2.dylib
0x00000001ab11a000 	/usr/lib/libexpat.1.dylib
0x00000001ab990000 	/System/Library/PrivateFrameworks/AppleJPEG.framework/Versions/A/AppleJPEG
0x00000001a853f000 	/System/Library/PrivateFrameworks/FontServices.framework/libFontParser.dylib
0x00000001a6250000 	/System/Library/PrivateFrameworks/RunningBoardServices.framework/Versions/A/RunningBoardServices
0x00000001b672c000 	/System/Library/PrivateFrameworks/IOSurfaceAccelerator.framework/Versions/A/IOSurfaceAccelerator
0x00000001abac1000 	/System/Library/PrivateFrameworks/WatchdogClient.framework/Versions/A/WatchdogClient
0x00000001a0e7e000 	/System/Library/Frameworks/CoreDisplay.framework/Versions/A/CoreDisplay
0x00000001a842d000 	/System/Library/Frameworks/CoreMedia.framework/Versions/A/CoreMedia
0x00000001a82c1000 	/System/Library/PrivateFrameworks/IOAccelerator.framework/Versions/A/IOAccelerator
0x00000001a708f000 	/System/Library/Frameworks/CoreVideo.framework/Versions/A/CoreVideo
0x00000001aa749000 	/System/Library/Frameworks/MetalPerformanceShaders.framework/Versions/A/MetalPerformanceShaders
0x00000001abafe000 	/System/Library/Frameworks/VideoToolbox.framework/Versions/A/VideoToolbox
0x00000001a6194000 	/System/Library/PrivateFrameworks/BaseBoard.framework/Versions/A/BaseBoard
0x00000001a5f33000 	/System/Library/PrivateFrameworks/ProtocolBuffer.framework/Versions/A/ProtocolBuffer
0x00000001ac027000 	/System/Library/PrivateFrameworks/GPUWrangler.framework/Versions/A/GPUWrangler
0x00000001ac006000 	/System/Library/PrivateFrameworks/IOPresentment.framework/Versions/A/IOPresentment
0x00000001ac02f000 	/System/Library/PrivateFrameworks/DSExternalDisplay.framework/Versions/A/DSExternalDisplay
0x0000000200eac000 	/System/Library/Frameworks/OpenGL.framework/Versions/A/Libraries/libCoreFSCache.dylib
0x000000020a697000 	/System/Library/PrivateFrameworks/GPUCompiler.framework/Versions/31001/Libraries/libGPUCompilerUtils.dylib
0x00000001ac095000 	/System/Library/PrivateFrameworks/CMCaptureCore.framework/Versions/A/CMCaptureCore
0x00000001ab6ce000 	/System/Library/PrivateFrameworks/AppServerSupport.framework/Versions/A/AppServerSupport
0x00000001ad86e000 	/System/Library/PrivateFrameworks/perfdata.framework/Versions/A/perfdata
0x00000001a0f9e000 	/System/Library/PrivateFrameworks/AudioToolboxCore.framework/Versions/A/AudioToolboxCore
0x00000001a8405000 	/System/Library/PrivateFrameworks/caulk.framework/Versions/A/caulk
0x00000001ad163000 	/usr/lib/libAudioStatistics.dylib
0x00000001bea80000 	/System/Library/PrivateFrameworks/SystemPolicy.framework/Versions/A/SystemPolicy
0x00000001ad3c3000 	/usr/lib/libSMC.dylib
0x00000001b5f98000 	/System/Library/Frameworks/CoreMIDI.framework/Versions/A/CoreMIDI
0x00000001abf55000 	/usr/lib/libAudioToolboxUtility.dylib
0x00000001baead000 	/System/Library/PrivateFrameworks/OSAServicesClient.framework/Versions/A/OSAServicesClient
0x00000001ad87b000 	/usr/lib/libperfcheck.dylib
0x00000001bf587000 	/usr/lib/libmis.dylib
0x0000000200f0d000 	/System/Library/Frameworks/OpenGL.framework/Versions/A/Libraries/libGLU.dylib
0x0000000200ecc000 	/System/Library/Frameworks/OpenGL.framework/Versions/A/Libraries/libGFXShared.dylib
0x00000002010b6000 	/System/Library/Frameworks/OpenGL.framework/Versions/A/Libraries/libGL.dylib
0x0000000200ed5000 	/System/Library/Frameworks/OpenGL.framework/Versions/A/Libraries/libGLImage.dylib
0x0000000200ec9000 	/System/Library/Frameworks/OpenGL.framework/Versions/A/Libraries/libCVMSPluginSupport.dylib
0x0000000200eb3000 	/System/Library/Frameworks/OpenGL.framework/Versions/A/Libraries/libCoreVMClient.dylib
0x00000001a8f97000 	/System/Library/Frameworks/MetalPerformanceShaders.framework/Versions/A/Frameworks/MPSCore.framework/Versions/A/MPSCore
0x00000001aa107000 	/System/Library/Frameworks/MetalPerformanceShaders.framework/Versions/A/Frameworks/MPSImage.framework/Versions/A/MPSImage
0x00000001a9bfd000 	/System/Library/Frameworks/MetalPerformanceShaders.framework/Versions/A/Frameworks/MPSNeuralNetwork.framework/Versions/A/MPSNeuralNetwork
0x00000001aa03a000 	/System/Library/Frameworks/MetalPerformanceShaders.framework/Versions/A/Frameworks/MPSMatrix.framework/Versions/A/MPSMatrix
0x00000001a9e15000 	/System/Library/Frameworks/MetalPerformanceShaders.framework/Versions/A/Frameworks/MPSRayIntersector.framework/Versions/A/MPSRayIntersector
0x00000001aa06b000 	/System/Library/Frameworks/MetalPerformanceShaders.framework/Versions/A/Frameworks/MPSNDArray.framework/Versions/A/MPSNDArray
0x0000000202be4000 	/System/Library/Frameworks/MetalPerformanceShaders.framework/Versions/A/Frameworks/MPSFunctions.framework/Versions/A/MPSFunctions
0x00000001a023d000 	/System/Library/PrivateFrameworks/MetalTools.framework/Versions/A/MetalTools
0x00000001a9014000 	/System/Library/PrivateFrameworks/AggregateDictionary.framework/Versions/A/AggregateDictionary
0x00000001aaf00000 	/usr/lib/libIOReport.dylib
0x00000001b4f7f000 	/System/Library/PrivateFrameworks/ASEProcessing.framework/Versions/A/ASEProcessing
0x00000001ab273000 	/System/Library/PrivateFrameworks/FaceCore.framework/Versions/A/FaceCore
0x00000001ab265000 	/System/Library/PrivateFrameworks/GraphVisualizer.framework/Versions/A/GraphVisualizer
0x000000020a5ae000 	/System/Library/PrivateFrameworks/FontServices.framework/Versions/A/FontServices
0x00000001ab688000 	/System/Library/PrivateFrameworks/OTSVG.framework/Versions/A/OTSVG
0x00000001a6c5d000 	/System/Library/Frameworks/ApplicationServices.framework/Versions/A/Frameworks/ATS.framework/Versions/A/Resources/libFontRegistry.dylib
0x00000001ab6d7000 	/System/Library/PrivateFrameworks/FontServices.framework/libhvf.dylib
0x000000020a5af000 	/System/Library/PrivateFrameworks/FontServices.framework/libXTFontStaticRegistryData.dylib
0x0000000201258000 	/System/Library/Frameworks/OpenCL.framework/Versions/A/OpenCL
0x00000001ab0ce000 	/System/Library/PrivateFrameworks/AppleVA.framework/Versions/A/AppleVA
0x00000001ad18b000 	/System/Library/Frameworks/ApplicationServices.framework/Versions/A/Frameworks/ATS.framework/Versions/A/ATS
0x00000001a56f7000 	/System/Library/Frameworks/ApplicationServices.framework/Versions/A/Frameworks/HIServices.framework/Versions/A/HIServices
0x00000001ac09f000 	/System/Library/Frameworks/ApplicationServices.framework/Versions/A/Frameworks/PrintCore.framework/Versions/A/PrintCore
0x00000001ad516000 	/System/Library/Frameworks/ApplicationServices.framework/Versions/A/Frameworks/QD.framework/Versions/A/QD
0x00000001ad50e000 	/System/Library/Frameworks/ApplicationServices.framework/Versions/A/Frameworks/ColorSyncLegacy.framework/Versions/A/ColorSyncLegacy
0x00000001ad177000 	/System/Library/Frameworks/ApplicationServices.framework/Versions/A/Frameworks/SpeechSynthesis.framework/Versions/A/SpeechSynthesis
0x00000001ac060000 	/System/Library/Frameworks/ApplicationServices.framework/Versions/A/Frameworks/ATSUI.framework/Versions/A/ATSUI
0x00000001ad4a3000 	/usr/lib/libcups.2.dylib
0x00000001ad889000 	/System/Library/Frameworks/Kerberos.framework/Versions/A/Kerberos
0x00000001ad89a000 	/System/Library/Frameworks/GSS.framework/Versions/A/GSS
0x00000001ad1fa000 	/usr/lib/libresolv.9.dylib
0x00000001ab6e5000 	/System/Library/PrivateFrameworks/Heimdal.framework/Versions/A/Heimdal
0x00000001b41ee000 	/System/Library/Frameworks/Kerberos.framework/Versions/A/Libraries/libHeimdalProxy.dylib
0x00000001a632f000 	/System/Library/Frameworks/Network.framework/Versions/A/Network
0x00000001ab135000 	/usr/lib/libheimdal-asn1.dylib
0x00000001ad8e0000 	/System/Library/PrivateFrameworks/CommonAuth.framework/Versions/A/CommonAuth
0x00000001ad0f1000 	/System/Library/PrivateFrameworks/AudioSession.framework/Versions/A/AudioSession
0x00000001ab1c6000 	/System/Library/PrivateFrameworks/MediaExperience.framework/Versions/A/MediaExperience
0x00000001acf79000 	/System/Library/PrivateFrameworks/AudioSession.framework/libSessionUtility.dylib
0x00000001ad522000 	/System/Library/PrivateFrameworks/AudioResourceArbitration.framework/Versions/A/AudioResourceArbitration
0x00000001b162d000 	/System/Library/PrivateFrameworks/PowerLog.framework/Versions/A/PowerLog
0x00000001ab13e000 	/System/Library/PrivateFrameworks/IconFoundation.framework/Versions/A/IconFoundation
0x00000001b03db000 	/System/Library/PrivateFrameworks/SpeechRecognitionCore.framework/Versions/A/SpeechRecognitionCore
0x0000000105f64000 	/Users/sashakoushk-jalali/Library/Java/JavaVirtualMachines/openjdk-18.0.1.1/Contents/Home/lib/server/libjvm.dylib
0x0000000104e80000 	/Users/sashakoushk-jalali/Library/Java/JavaVirtualMachines/openjdk-18.0.1.1/Contents/Home/lib/libjimage.dylib
0x0000000104eac000 	/Users/sashakoushk-jalali/Library/Java/JavaVirtualMachines/openjdk-18.0.1.1/Contents/Home/lib/libinstrument.dylib
0x0000000104ef8000 	/Users/sashakoushk-jalali/Library/Java/JavaVirtualMachines/openjdk-18.0.1.1/Contents/Home/lib/libjava.dylib
0x000000010529c000 	/Users/sashakoushk-jalali/Library/Java/JavaVirtualMachines/openjdk-18.0.1.1/Contents/Home/lib/libnio.dylib
0x00000001052bc000 	/Users/sashakoushk-jalali/Library/Java/JavaVirtualMachines/openjdk-18.0.1.1/Contents/Home/lib/libnet.dylib
0x0000000104ee0000 	/Users/sashakoushk-jalali/Library/Java/JavaVirtualMachines/openjdk-18.0.1.1/Contents/Home/lib/libzip.dylib
0x0000000104f2c000 	/Users/sashakoushk-jalali/.openjfx/cache/18+12/libprism_es2.dylib
0x00000001a247e000 	/System/Library/PrivateFrameworks/CoreServicesInternal.framework/Versions/A/CoreServicesInternal
0x00000002010c0000 	/System/Library/Frameworks/OpenGL.framework/Versions/A/Resources/GLEngine.bundle/GLEngine
0x0000000200f47000 	/System/Library/Frameworks/OpenGL.framework/Versions/A/Libraries/libGLProgrammability.dylib
0x0000000105c9c000 	/System/Library/Extensions/AppleMetalOpenGLRenderer.bundle/Contents/MacOS/AppleMetalOpenGLRenderer
0x000000020122f000 	/System/Library/Frameworks/OpenGL.framework/Versions/A/Resources/GLRendererFloat.bundle/GLRendererFloat
0x00000001e50c8000 	/System/Library/Extensions/AGXMetalG13X.bundle/Contents/MacOS/AGXMetalG13X
0x00000001bf5a3000 	/System/Library/PrivateFrameworks/GPURawCounter.framework/Versions/A/GPURawCounter
0x00000001ba031000 	/System/Library/PrivateFrameworks/IOGPU.framework/Versions/A/IOGPU
0x0000000105d34000 	/Users/sashakoushk-jalali/.openjfx/cache/18+12/libglass.dylib
0x00000001b1881000 	/System/Library/Frameworks/FileProvider.framework/Versions/A/FileProvider
0x00000001a60fc000 	/System/Library/Frameworks/Accounts.framework/Versions/A/Accounts
0x00000001b1a01000 	/System/Library/PrivateFrameworks/GenerationalStorage.framework/Versions/A/GenerationalStorage
0x00000001b25b7000 	/System/Library/PrivateFrameworks/CoreSymbolication.framework/Versions/A/CoreSymbolication
0x00000001b1621000 	/System/Library/PrivateFrameworks/SymptomDiagnosticReporter.framework/Versions/A/SymptomDiagnosticReporter
0x00000001a376a000 	/System/Library/PrivateFrameworks/DesktopServicesPriv.framework/Versions/A/DesktopServicesPriv
0x00000001a25de000 	/usr/lib/libsandbox.1.dylib
0x00000001a711c000 	/System/Library/PrivateFrameworks/UserManagement.framework/Versions/A/UserManagement
0x00000001b2578000 	/System/Library/PrivateFrameworks/DebugSymbols.framework/Versions/A/DebugSymbols
0x00000001ad501000 	/System/Library/PrivateFrameworks/NetAuth.framework/Versions/A/NetAuth
0x00000001ae404000 	/System/Library/PrivateFrameworks/Sharing.framework/Versions/A/Sharing
0x00000001a70ec000 	/System/Library/PrivateFrameworks/login.framework/Versions/A/Frameworks/loginsupport.framework/Versions/A/loginsupport
0x00000001b3730000 	/System/Library/PrivateFrameworks/Apple80211.framework/Versions/A/Apple80211
0x00000001aa1eb000 	/System/Library/PrivateFrameworks/AuthKit.framework/Versions/A/AuthKit
0x00000001a9879000 	/System/Library/PrivateFrameworks/CoreUtils.framework/Versions/A/CoreUtils
0x00000001a9799000 	/System/Library/Frameworks/CoreWLAN.framework/Versions/A/CoreWLAN
0x00000001ae56e000 	/System/Library/Frameworks/IOBluetooth.framework/Versions/A/IOBluetooth
0x00000001b3790000 	/System/Library/PrivateFrameworks/CoreWiFi.framework/Versions/A/CoreWiFi
0x00000001b215f000 	/System/Library/PrivateFrameworks/FrontBoardServices.framework/Versions/A/FrontBoardServices
0x00000001b21f7000 	/System/Library/PrivateFrameworks/BoardServices.framework/Versions/A/BoardServices
0x00000001a9a94000 	/System/Library/PrivateFrameworks/AssertionServices.framework/Versions/A/AssertionServices
0x00000001b38fe000 	/System/Library/PrivateFrameworks/BackBoardServices.framework/Versions/A/BackBoardServices
0x00000001ad973000 	/System/Library/PrivateFrameworks/CorePhoneNumbers.framework/Versions/A/CorePhoneNumbers
0x00000001b1751000 	/System/Library/PrivateFrameworks/DiskManagement.framework/Versions/A/DiskManagement
0x00000001b1654000 	/System/Library/PrivateFrameworks/AppleIDAuthSupport.framework/Versions/A/AppleIDAuthSupport
0x0000000204ece000 	/System/Library/PrivateFrameworks/AAAFoundation.framework/Versions/A/AAAFoundation
0x00000001ad952000 	/System/Library/PrivateFrameworks/KeychainCircle.framework/Versions/A/KeychainCircle
0x00000001b171d000 	/System/Library/PrivateFrameworks/MediaKit.framework/Versions/A/MediaKit
0x00000001b1661000 	/System/Library/Frameworks/DiscRecording.framework/Versions/A/DiscRecording
0x00000001ab04a000 	/usr/lib/libCoreStorage.dylib
0x00000001b3bfa000 	/usr/lib/libcsfde.dylib
0x00000001ae643000 	/System/Library/PrivateFrameworks/ProtectedCloudStorage.framework/Versions/A/ProtectedCloudStorage
0x00000001b3bf2000 	/System/Library/PrivateFrameworks/EFILogin.framework/Versions/A/EFILogin
0x00000001b1a28000 	/System/Library/PrivateFrameworks/OctagonTrust.framework/Versions/A/OctagonTrust
0x00000002097fa000 	/System/Library/PrivateFrameworks/CoreUtilsExtras.framework/Versions/A/CoreUtilsExtras
0x00000001b1596000 	/System/Library/Frameworks/CoreBluetooth.framework/Versions/A/CoreBluetooth
0x00000001b4273000 	/System/Library/Frameworks/AudioUnit.framework/Versions/A/AudioUnit
0x00000001ab042000 	/usr/lib/libMatch.1.dylib
0x00000001c3899000 	/System/Library/Frameworks/Accelerate.framework/Versions/A/Frameworks/vImage.framework/Versions/A/Libraries/libCGInterfaces.dylib
0x000000010efec000 	/usr/lib/libobjc-trampolines.dylib
0x00000001a6de9000 	/System/Library/PrivateFrameworks/ViewBridge.framework/Versions/A/ViewBridge
0x000000012a7c8000 	/Users/sashakoushk-jalali/.openjfx/cache/18+12/libjavafx_font.dylib
0x00000001ab793000 	/System/Library/PrivateFrameworks/login.framework/Versions/A/login
0x000000021ce64000 	/usr/lib/libRosetta.dylib
0x000000016fa80000 	/Users/sashakoushk-jalali/Library/Java/JavaVirtualMachines/openjdk-18.0.1.1/Contents/Home/lib/libawt.dylib
0x000000016fb30000 	/Users/sashakoushk-jalali/Library/Java/JavaVirtualMachines/openjdk-18.0.1.1/Contents/Home/lib/libmlib_image.dylib
0x0000000202b50000 	/System/Library/Frameworks/JavaRuntimeSupport.framework/Versions/A/JavaRuntimeSupport
0x00000001be5a1000 	/System/Library/Frameworks/Carbon.framework/Versions/A/Carbon
0x00000001b7adf000 	/System/Library/Frameworks/Carbon.framework/Versions/A/Frameworks/CommonPanels.framework/Versions/A/CommonPanels
0x00000001b3bee000 	/System/Library/Frameworks/Carbon.framework/Versions/A/Frameworks/Help.framework/Versions/A/Help
0x00000001b7ae3000 	/System/Library/Frameworks/Carbon.framework/Versions/A/Frameworks/ImageCapture.framework/Versions/A/ImageCapture
0x00000001b7aaf000 	/System/Library/Frameworks/Carbon.framework/Versions/A/Frameworks/OpenScripting.framework/Versions/A/OpenScripting
0x00000001b7adb000 	/System/Library/Frameworks/Carbon.framework/Versions/A/Frameworks/Ink.framework/Versions/A/Ink
0x00000001be59d000 	/System/Library/Frameworks/Carbon.framework/Versions/A/Frameworks/Print.framework/Versions/A/Print
0x00000001b7ad7000 	/System/Library/Frameworks/Carbon.framework/Versions/A/Frameworks/SecurityHI.framework/Versions/A/SecurityHI
0x00000002a384c000 	/Users/sashakoushk-jalali/Library/Java/JavaVirtualMachines/openjdk-18.0.1.1/Contents/Home/lib/libawt_lwawt.dylib
0x000000016f9fc000 	/Users/sashakoushk-jalali/Library/Java/JavaVirtualMachines/openjdk-18.0.1.1/Contents/Home/lib/libosxapp.dylib
0x00000001bd963000 	/System/Library/Frameworks/ExceptionHandling.framework/Versions/A/ExceptionHandling
0x00000002a3970000 	/Users/sashakoushk-jalali/Library/Java/JavaVirtualMachines/openjdk-18.0.1.1/Contents/Home/lib/libfontmanager.dylib
0x000000029a89c000 	/Users/sashakoushk-jalali/Library/Java/JavaVirtualMachines/openjdk-18.0.1.1/Contents/Home/lib/libfreetype.dylib


VM Arguments:
jvm_args: -javaagent:/Applications/IntelliJ IDEA.app/Contents/lib/idea_rt.jar=50451:/Applications/IntelliJ IDEA.app/Contents/bin -Dfile.encoding=UTF-8 --module-path=/Users/sashakoushk-jalali/.m2/repository/org/openjfx/javafx-graphics/18/javafx-graphics-18-mac-aarch64.jar:/Users/sashakoushk-jalali/.m2/repository/org/openjfx/javafx-controls/18/javafx-controls-18-mac-aarch64.jar:/Users/sashakoushk-jalali/Library/Mobile Documents/com~apple~CloudDocs/Documents/BBK/CS MSc. Project /TIMERepo/TIME/target/classes:/Users/sashakoushk-jalali/.m2/repository/org/testng/testng/7.6.1/testng-7.6.1.jar:/Users/sashakoushk-jalali/.m2/repository/org/openjfx/javafx-fxml/18/javafx-fxml-18-mac-aarch64.jar:/Users/sashakoushk-jalali/.m2/repository/org/openjfx/javafx-base/18/javafx-base-18-mac-aarch64.jar -Djdk.module.main=time 
java_command: time/com.javafx.gui.TimeApplication
java_class_path (initial): /Users/sashakoushk-jalali/.m2/repository/org/openjfx/javafx-controls/18/javafx-controls-18.jar:/Users/sashakoushk-jalali/.m2/repository/org/openjfx/javafx-graphics/18/javafx-graphics-18.jar:/Users/sashakoushk-jalali/.m2/repository/org/openjfx/javafx-base/18/javafx-base-18.jar:/Users/sashakoushk-jalali/.m2/repository/org/openjfx/javafx-fxml/18/javafx-fxml-18.jar:/Users/sashakoushk-jalali/.m2/repository/com/google/code/findbugs/jsr305/3.0.2/jsr305-3.0.2.jar:/Users/sashakoushk-jalali/.m2/repository/org/slf4j/slf4j-api/1.7.36/slf4j-api-1.7.36.jar:/Users/sashakoushk-jalali/.m2/repository/com/beust/jcommander/1.82/jcommander-1.82.jar:/Users/sashakoushk-jalali/.m2/repository/org/webjars/jquery/3.6.0/jquery-3.6.0.jar
Launcher Type: SUN_STANDARD

[Global flags]
     intx CICompilerCount                          = 4                                         {product} {ergonomic}
     uint ConcGCThreads                            = 2                                         {product} {ergonomic}
     uint G1ConcRefinementThreads                  = 9                                         {product} {ergonomic}
   size_t G1HeapRegionSize                         = 8388608                                   {product} {ergonomic}
    uintx GCDrainStackTargetSize                   = 64                                        {product} {ergonomic}
   size_t InitialHeapSize                          = 1073741824                                {product} {ergonomic}
   size_t MarkStackSize                            = 4194304                                   {product} {ergonomic}
   size_t MaxHeapSize                              = 17179869184                               {product} {ergonomic}
   size_t MaxNewSize                               = 10301210624                               {product} {ergonomic}
   size_t MinHeapDeltaBytes                        = 8388608                                   {product} {ergonomic}
   size_t MinHeapSize                              = 8388608                                   {product} {ergonomic}
    uintx NonNMethodCodeHeapSize                   = 5839564                                {pd product} {ergonomic}
    uintx NonProfiledCodeHeapSize                  = 122909338                              {pd product} {ergonomic}
    uintx ProfiledCodeHeapSize                     = 122909338                              {pd product} {ergonomic}
    uintx ReservedCodeCacheSize                    = 251658240                              {pd product} {ergonomic}
     bool SegmentedCodeCache                       = true                                      {product} {ergonomic}
   size_t SoftMaxHeapSize                          = 17179869184                            {manageable} {ergonomic}
     bool UseCompressedClassPointers               = true                           {product lp64_product} {ergonomic}
     bool UseCompressedOops                        = true                           {product lp64_product} {ergonomic}
     bool UseG1GC                                  = true                                      {product} {ergonomic}
     bool UseNUMA                                  = false                                     {product} {ergonomic}
     bool UseNUMAInterleaving                      = false                                     {product} {ergonomic}

Logging:
Log output configuration:
 #0: stdout all=warning uptime,level,tags foldmultilines=false
 #1: stderr all=off uptime,level,tags foldmultilines=false

Environment Variables:
PATH=/usr/local/bin:/usr/bin:/bin:/usr/sbin:/sbin
SHELL=/bin/zsh
LC_CTYPE=en_GB.UTF-8

Signal Handlers:
   SIGSEGV: _ZL13crash_handleriP9__siginfoPv in libjvm.dylib, mask=11100110000111110111111111111111, flags=SA_RESTART|SA_SIGINFO
    SIGBUS: _ZL13crash_handleriP9__siginfoPv in libjvm.dylib, mask=11100110000111110111111111111111, flags=SA_RESTART|SA_SIGINFO
    SIGFPE: _ZL13crash_handleriP9__siginfoPv in libjvm.dylib, mask=11100110000111110111111111111111, flags=SA_RESTART|SA_SIGINFO
   SIGPIPE: _ZL17javaSignalHandleriP9__siginfoPv in libjvm.dylib, mask=11100110000111110111111111111111, flags=SA_RESTART|SA_SIGINFO
   SIGXFSZ: _ZL17javaSignalHandleriP9__siginfoPv in libjvm.dylib, mask=11100110000111110111111111111111, flags=SA_RESTART|SA_SIGINFO
    SIGILL: _ZL13crash_handleriP9__siginfoPv in libjvm.dylib, mask=11100110000111110111111111111111, flags=SA_RESTART|SA_SIGINFO
   SIGUSR2: _ZL10SR_handleriP9__siginfoP17__darwin_ucontext in libjvm.dylib, mask=00100000000000000000000000000000, flags=SA_RESTART|SA_SIGINFO
    SIGHUP: _ZL11UserHandleriPvS_ in libjvm.dylib, mask=11100110000111110111111111111111, flags=SA_RESTART|SA_SIGINFO
    SIGINT: _ZL11UserHandleriPvS_ in libjvm.dylib, mask=11100110000111110111111111111111, flags=SA_RESTART|SA_SIGINFO
   SIGTERM: _ZL11UserHandleriPvS_ in libjvm.dylib, mask=11100110000111110111111111111111, flags=SA_RESTART|SA_SIGINFO
   SIGQUIT: _ZL11UserHandleriPvS_ in libjvm.dylib, mask=11100110000111110111111111111111, flags=SA_RESTART|SA_SIGINFO
   SIGTRAP: _ZL13crash_handleriP9__siginfoPv in libjvm.dylib, mask=11100110000111110111111111111111, flags=SA_RESTART|SA_SIGINFO


---------------  S Y S T E M  ---------------

OS:
uname: Darwin 21.3.0 Darwin Kernel Version 21.3.0: Wed Jan  5 21:37:58 PST 2022; root:xnu-8019.80.24~20/RELEASE_ARM64_T6000 arm64
OS uptime: 1 days 4:51 hours
rlimit (soft/hard): STACK 8176k/65520k , CORE 0k/infinity , NPROC 10666/16000 , NOFILE 10240/infinity , AS infinity/infinity , CPU infinity/infinity , DATA infinity/infinity , FSIZE infinity/infinity , MEMLOCK infinity/infinity , RSS infinity/infinity
load average: 0.96 1.20 1.34

CPU: total 10 (initial active 10) 0x61:0x0:0x1b588bb3:0, fp, simd, aes, pmull, crc, lse

Memory: 16k page, physical 67108864k(3625728k free), swap 0k(0k free)

vm_info: OpenJDK 64-Bit Server VM (18.0.1.1+2-6) for bsd-aarch64 JRE (18.0.1.1+2-6), built on Apr 25 2022 20:45:35 by "mach5one" with clang Apple LLVM 12.0.0 (clang-1200.0.32.29)

END.
